This file contains any messages produced by compilers while
running configure, to aid debugging if configure makes a mistake.

It was created by FAAC configure 1.28, which was
generated by GNU Autoconf 2.61.  Invocation command line was

  $ ./configure --build=x86_64 --enable-static --disable-shared --libdir=/Users/alex/Desktop/AutoConvert/VideoConverter/faac-1.28/output --includedir=/Users/alex/Desktop/AutoConvert/VideoConverter/faac-1.28/output

## --------- ##
## Platform. ##
## --------- ##

hostname = alex-nichols-macbook-pro-2.local
uname -m = x86_64
uname -r = 11.3.0
uname -s = Darwin
uname -v = Darwin Kernel Version 11.3.0: Thu Jan 12 18:47:41 PST 2012; root:xnu-1699.24.23~1/RELEASE_X86_64

/usr/bin/uname -p = i386
/bin/uname -X     = unknown

/bin/arch              = unknown
/usr/bin/arch -k       = unknown
/usr/convex/getsysinfo = unknown
/usr/bin/hostinfo      = Mach kernel version:
	 Darwin Kernel Version 11.3.0: Thu Jan 12 18:47:41 PST 2012; root:xnu-1699.24.23~1/RELEASE_X86_64
Kernel configured for up to 2 processors.
2 processors are physically available.
2 processors are logically available.
Processor type: i486 (Intel 80486)
Processors active: 0 1
Primary memory available: 4.00 gigabytes
Default processor set: 115 tasks, 504 threads, 2 processors
Load average: 2.19, Mach factor: 0.65
/bin/machine           = unknown
/usr/bin/oslevel       = unknown
/bin/universe          = unknown

PATH: /Applications/Xcode.app/Contents/Developer/Toolchains/XcodeDefault.xctoolchain/usr/bin
PATH: /Applications/Xcode.app/Contents/Developer/Toolchains/XcodeDefault.xctoolchain/usr/local/bin
PATH: /Applications/Xcode.app/Contents/Developer/Platforms/MacOSX.platform/Developer/usr/bin
PATH: /Applications/Xcode.app/Contents/Developer/Platforms/MacOSX.platform/Developer/usr/local/bin
PATH: /Applications/Xcode.app/Contents/Developer/usr/bin
PATH: /Applications/Xcode.app/Contents/Developer/usr/local/bin
PATH: /Applications/Xcode.app/Contents/Developer/Tools
PATH: /usr/bin
PATH: /bin
PATH: /usr/sbin
PATH: /sbin


## ----------- ##
## Core tests. ##
## ----------- ##

configure:1982: checking for a BSD-compatible install
configure:2038: result: /usr/bin/install -c
configure:2049: checking whether build environment is sane
configure:2092: result: yes
configure:2157: checking for gawk
configure:2187: result: no
configure:2157: checking for mawk
configure:2187: result: no
configure:2157: checking for nawk
configure:2187: result: no
configure:2157: checking for awk
configure:2173: found /usr/bin/awk
configure:2184: result: awk
configure:2195: checking whether make sets $(MAKE)
configure:2216: result: yes
configure:2472: checking for gcc
configure:2488: found /Applications/Xcode.app/Contents/Developer/usr/bin/gcc
configure:2499: result: gcc
configure:2737: checking for C compiler version
configure:2744: gcc --version >&5
i686-apple-darwin11-llvm-gcc-4.2 (GCC) 4.2.1 (Based on Apple Inc. build 5658) (LLVM build 2336.9.00)
Copyright (C) 2007 Free Software Foundation, Inc.
This is free software; see the source for copying conditions.  There is NO
warranty; not even for MERCHANTABILITY or FITNESS FOR A PARTICULAR PURPOSE.

configure:2747: $? = 0
configure:2754: gcc -v >&5
Using built-in specs.
Target: i686-apple-darwin11
Configured with: /private/var/tmp/llvmgcc42/llvmgcc42-2336.9~22/src/configure --disable-checking --enable-werror --prefix=/Applications/Xcode.app/Contents/Developer/usr/llvm-gcc-4.2 --mandir=/share/man --enable-languages=c,objc,c++,obj-c++ --program-prefix=llvm- --program-transform-name=/^[cg][^.-]*$/s/$/-4.2/ --with-slibdir=/usr/lib --build=i686-apple-darwin11 --enable-llvm=/private/var/tmp/llvmgcc42/llvmgcc42-2336.9~22/dst-llvmCore/Developer/usr/local --program-prefix=i686-apple-darwin11- --host=x86_64-apple-darwin11 --target=i686-apple-darwin11 --with-gxx-include-dir=/usr/include/c++/4.2.1
Thread model: posix
gcc version 4.2.1 (Based on Apple Inc. build 5658) (LLVM build 2336.9.00)
configure:2757: $? = 0
configure:2764: gcc -V >&5
llvm-gcc-4.2: argument to `-V' is missing
configure:2767: $? = 1
configure:2790: checking for C compiler default output file name
configure:2817: gcc -O2 -Wall   conftest.c  >&5
configure:2820: $? = 0
configure:2858: result: a.out
configure:2875: checking whether the C compiler works
configure:2885: ./a.out
configure:2888: $? = 0
configure:2905: result: yes
configure:2912: checking whether we are cross compiling
configure:2914: result: no
configure:2917: checking for suffix of executables
configure:2924: gcc -o conftest -O2 -Wall   conftest.c  >&5
configure:2927: $? = 0
configure:2951: result: 
configure:2957: checking for suffix of object files
configure:2983: gcc -c -O2 -Wall  conftest.c >&5
configure:2986: $? = 0
configure:3009: result: o
configure:3013: checking whether we are using the GNU C compiler
configure:3042: gcc -c -O2 -Wall  conftest.c >&5
configure:3048: $? = 0
configure:3065: result: yes
configure:3070: checking whether gcc accepts -g
configure:3100: gcc -c -g  conftest.c >&5
configure:3106: $? = 0
configure:3205: result: yes
configure:3222: checking for gcc option to accept ISO C89
configure:3296: gcc  -c -O2 -Wall  conftest.c >&5
configure:3302: $? = 0
configure:3325: result: none needed
configure:3354: checking for style of include used by make
configure:3382: result: GNU
configure:3410: checking dependency style of gcc
configure:3500: result: gcc3
configure:3575: checking for g++
configure:3591: found /Applications/Xcode.app/Contents/Developer/usr/bin/g++
configure:3602: result: g++
configure:3633: checking for C++ compiler version
configure:3640: g++ --version >&5
i686-apple-darwin11-llvm-g++-4.2 (GCC) 4.2.1 (Based on Apple Inc. build 5658) (LLVM build 2336.9.00)
Copyright (C) 2007 Free Software Foundation, Inc.
This is free software; see the source for copying conditions.  There is NO
warranty; not even for MERCHANTABILITY or FITNESS FOR A PARTICULAR PURPOSE.

configure:3643: $? = 0
configure:3650: g++ -v >&5
Using built-in specs.
Target: i686-apple-darwin11
Configured with: /private/var/tmp/llvmgcc42/llvmgcc42-2336.9~22/src/configure --disable-checking --enable-werror --prefix=/Applications/Xcode.app/Contents/Developer/usr/llvm-gcc-4.2 --mandir=/share/man --enable-languages=c,objc,c++,obj-c++ --program-prefix=llvm- --program-transform-name=/^[cg][^.-]*$/s/$/-4.2/ --with-slibdir=/usr/lib --build=i686-apple-darwin11 --enable-llvm=/private/var/tmp/llvmgcc42/llvmgcc42-2336.9~22/dst-llvmCore/Developer/usr/local --program-prefix=i686-apple-darwin11- --host=x86_64-apple-darwin11 --target=i686-apple-darwin11 --with-gxx-include-dir=/usr/include/c++/4.2.1
Thread model: posix
gcc version 4.2.1 (Based on Apple Inc. build 5658) (LLVM build 2336.9.00)
configure:3653: $? = 0
configure:3660: g++ -V >&5
llvm-g++-4.2: argument to `-V' is missing
configure:3663: $? = 1
configure:3666: checking whether we are using the GNU C++ compiler
configure:3695: g++ -c   conftest.cpp >&5
configure:3701: $? = 0
configure:3718: result: yes
configure:3723: checking whether g++ accepts -g
configure:3753: g++ -c -g  conftest.cpp >&5
configure:3759: $? = 0
configure:3858: result: yes
configure:3883: checking dependency style of g++
configure:3973: result: gcc3
configure:4068: checking build system type
configure:4086: result: x86_64-pc-none
configure:4108: checking host system type
configure:4123: result: x86_64-pc-none
configure:4145: checking for a sed that does not truncate output
configure:4199: result: /usr/bin/sed
configure:4202: checking for grep that handles long lines and -e
configure:4276: result: /usr/bin/grep
configure:4281: checking for egrep
configure:4359: result: /usr/bin/grep -E
configure:4375: checking for ld used by gcc
configure:4442: result: /Applications/Xcode.app/Contents/Developer/usr/llvm-gcc-4.2/libexec/gcc/i686-apple-darwin11/4.2.1/ld
configure:4451: checking if the linker (/Applications/Xcode.app/Contents/Developer/usr/llvm-gcc-4.2/libexec/gcc/i686-apple-darwin11/4.2.1/ld) is GNU ld
configure:4466: result: no
configure:4471: checking for /Applications/Xcode.app/Contents/Developer/usr/llvm-gcc-4.2/libexec/gcc/i686-apple-darwin11/4.2.1/ld option to reload object files
configure:4478: result: -r
configure:4496: checking for BSD-compatible nm
configure:4545: result: /Applications/Xcode.app/Contents/Developer/Toolchains/XcodeDefault.xctoolchain/usr/bin/nm
configure:4549: checking whether ln -s works
configure:4553: result: yes
configure:4560: checking how to recognise dependent libraries
configure:4736: result: unknown
configure:4970: checking how to run the C preprocessor
configure:5010: gcc -E  conftest.c
configure:5016: $? = 0
configure:5047: gcc -E  conftest.c
conftest.c:10:28: error: ac_nonexistent.h: No such file or directory
configure:5053: $? = 1
configure: failed program was:
| /* confdefs.h.  */
| #define PACKAGE_NAME "FAAC"
| #define PACKAGE_TARNAME "faac"
| #define PACKAGE_VERSION "1.28"
| #define PACKAGE_STRING "FAAC 1.28"
| #define PACKAGE_BUGREPORT "faac-dev@lists.sourceforge.net"
| #define PACKAGE "faac"
| #define VERSION "1.28"
| /* end confdefs.h.  */
| #include <ac_nonexistent.h>
configure:5086: result: gcc -E
configure:5115: gcc -E  conftest.c
configure:5121: $? = 0
configure:5152: gcc -E  conftest.c
conftest.c:10:28: error: ac_nonexistent.h: No such file or directory
configure:5158: $? = 1
configure: failed program was:
| /* confdefs.h.  */
| #define PACKAGE_NAME "FAAC"
| #define PACKAGE_TARNAME "faac"
| #define PACKAGE_VERSION "1.28"
| #define PACKAGE_STRING "FAAC 1.28"
| #define PACKAGE_BUGREPORT "faac-dev@lists.sourceforge.net"
| #define PACKAGE "faac"
| #define VERSION "1.28"
| /* end confdefs.h.  */
| #include <ac_nonexistent.h>
configure:5196: checking for ANSI C header files
configure:5226: gcc -c -O2 -Wall  conftest.c >&5
configure:5232: $? = 0
configure:5331: gcc -o conftest -O2 -Wall   conftest.c  >&5
configure:5334: $? = 0
configure:5340: ./conftest
configure:5343: $? = 0
configure:5360: result: yes
configure:5384: checking for sys/types.h
configure:5405: gcc -c -O2 -Wall  conftest.c >&5
configure:5411: $? = 0
configure:5427: result: yes
configure:5384: checking for sys/stat.h
configure:5405: gcc -c -O2 -Wall  conftest.c >&5
configure:5411: $? = 0
configure:5427: result: yes
configure:5384: checking for stdlib.h
configure:5405: gcc -c -O2 -Wall  conftest.c >&5
configure:5411: $? = 0
configure:5427: result: yes
configure:5384: checking for string.h
configure:5405: gcc -c -O2 -Wall  conftest.c >&5
configure:5411: $? = 0
configure:5427: result: yes
configure:5384: checking for memory.h
configure:5405: gcc -c -O2 -Wall  conftest.c >&5
configure:5411: $? = 0
configure:5427: result: yes
configure:5384: checking for strings.h
configure:5405: gcc -c -O2 -Wall  conftest.c >&5
configure:5411: $? = 0
configure:5427: result: yes
configure:5384: checking for inttypes.h
configure:5405: gcc -c -O2 -Wall  conftest.c >&5
configure:5411: $? = 0
configure:5427: result: yes
configure:5384: checking for stdint.h
configure:5405: gcc -c -O2 -Wall  conftest.c >&5
configure:5411: $? = 0
configure:5427: result: yes
configure:5384: checking for unistd.h
configure:5405: gcc -c -O2 -Wall  conftest.c >&5
configure:5411: $? = 0
configure:5427: result: yes
configure:5454: checking dlfcn.h usability
configure:5471: gcc -c -O2 -Wall  conftest.c >&5
configure:5477: $? = 0
configure:5491: result: yes
configure:5495: checking dlfcn.h presence
configure:5510: gcc -E  conftest.c
configure:5516: $? = 0
configure:5530: result: yes
configure:5563: checking for dlfcn.h
configure:5571: result: yes
configure:5594: checking how to run the C++ preprocessor
configure:5630: g++ -E  conftest.cpp
configure:5636: $? = 0
configure:5667: g++ -E  conftest.cpp
conftest.cpp:21:28: error: ac_nonexistent.h: No such file or directory
configure:5673: $? = 1
configure: failed program was:
| /* confdefs.h.  */
| #define PACKAGE_NAME "FAAC"
| #define PACKAGE_TARNAME "faac"
| #define PACKAGE_VERSION "1.28"
| #define PACKAGE_STRING "FAAC 1.28"
| #define PACKAGE_BUGREPORT "faac-dev@lists.sourceforge.net"
| #define PACKAGE "faac"
| #define VERSION "1.28"
| #define STDC_HEADERS 1
| #define HAVE_SYS_TYPES_H 1
| #define HAVE_SYS_STAT_H 1
| #define HAVE_STDLIB_H 1
| #define HAVE_STRING_H 1
| #define HAVE_MEMORY_H 1
| #define HAVE_STRINGS_H 1
| #define HAVE_INTTYPES_H 1
| #define HAVE_STDINT_H 1
| #define HAVE_UNISTD_H 1
| #define HAVE_DLFCN_H 1
| /* end confdefs.h.  */
| #include <ac_nonexistent.h>
configure:5706: result: g++ -E
configure:5735: g++ -E  conftest.cpp
configure:5741: $? = 0
configure:5772: g++ -E  conftest.cpp
conftest.cpp:21:28: error: ac_nonexistent.h: No such file or directory
configure:5778: $? = 1
configure: failed program was:
| /* confdefs.h.  */
| #define PACKAGE_NAME "FAAC"
| #define PACKAGE_TARNAME "faac"
| #define PACKAGE_VERSION "1.28"
| #define PACKAGE_STRING "FAAC 1.28"
| #define PACKAGE_BUGREPORT "faac-dev@lists.sourceforge.net"
| #define PACKAGE "faac"
| #define VERSION "1.28"
| #define STDC_HEADERS 1
| #define HAVE_SYS_TYPES_H 1
| #define HAVE_SYS_STAT_H 1
| #define HAVE_STDLIB_H 1
| #define HAVE_STRING_H 1
| #define HAVE_MEMORY_H 1
| #define HAVE_STRINGS_H 1
| #define HAVE_INTTYPES_H 1
| #define HAVE_STDINT_H 1
| #define HAVE_UNISTD_H 1
| #define HAVE_DLFCN_H 1
| /* end confdefs.h.  */
| #include <ac_nonexistent.h>
configure:5871: checking for g77
configure:5901: result: no
configure:5871: checking for xlf
configure:5901: result: no
configure:5871: checking for f77
configure:5901: result: no
configure:5871: checking for frt
configure:5901: result: no
configure:5871: checking for pgf77
configure:5901: result: no
configure:5871: checking for cf77
configure:5901: result: no
configure:5871: checking for fort77
configure:5901: result: no
configure:5871: checking for fl32
configure:5901: result: no
configure:5871: checking for af77
configure:5901: result: no
configure:5871: checking for xlf90
configure:5901: result: no
configure:5871: checking for f90
configure:5901: result: no
configure:5871: checking for pgf90
configure:5901: result: no
configure:5871: checking for pghpf
configure:5901: result: no
configure:5871: checking for epcf90
configure:5901: result: no
configure:5871: checking for gfortran
configure:5901: result: no
configure:5871: checking for g95
configure:5901: result: no
configure:5871: checking for xlf95
configure:5901: result: no
configure:5871: checking for f95
configure:5901: result: no
configure:5871: checking for fort
configure:5901: result: no
configure:5871: checking for ifort
configure:5901: result: no
configure:5871: checking for ifc
configure:5901: result: no
configure:5871: checking for efc
configure:5901: result: no
configure:5871: checking for pgf95
configure:5901: result: no
configure:5871: checking for lf95
configure:5901: result: no
configure:5871: checking for ftn
configure:5901: result: no
configure:5928: checking for Fortran 77 compiler version
configure:5935:  --version >&5
./configure: line 5936: --version: command not found
configure:5938: $? = 127
configure:5945:  -v >&5
./configure: line 5946: -v: command not found
configure:5948: $? = 127
configure:5955:  -V >&5
./configure: line 5956: -V: command not found
configure:5958: $? = 127
configure:5966: checking whether we are using the GNU Fortran 77 compiler
configure:5985:  -c  conftest.F >&5
./configure: line 5986: -c: command not found
configure:5991: $? = 127
configure: failed program was:
|       program main
| #ifndef __GNUC__
|        choke me
| #endif
| 
|       end
configure:6008: result: no
configure:6014: checking whether  accepts -g
configure:6031:  -c -g conftest.f >&5
./configure: line 6032: -c: command not found
configure:6037: $? = 127
configure: failed program was:
|       program main
| 
|       end
configure:6053: result: no
configure:6083: checking the maximum length of command line arguments
configure:6192: result: 65536
configure:6203: checking command to parse /Applications/Xcode.app/Contents/Developer/Toolchains/XcodeDefault.xctoolchain/usr/bin/nm output from gcc object
configure:6308: gcc -c -O2 -Wall  conftest.c >&5
configure:6311: $? = 0
configure:6315: /Applications/Xcode.app/Contents/Developer/Toolchains/XcodeDefault.xctoolchain/usr/bin/nm conftest.o \| sed -n -e 's/^.*[ 	]\([BCDEGRST][BCDEGRST]*\)[ 	][ 	]*\([_A-Za-z][_A-Za-z0-9]*\)$/\1 \2 \2/p' \> conftest.nm
configure:6318: $? = 0
cannot find nm_test_var in conftest.nm
configure:6308: gcc -c -O2 -Wall  conftest.c >&5
configure:6311: $? = 0
configure:6315: /Applications/Xcode.app/Contents/Developer/Toolchains/XcodeDefault.xctoolchain/usr/bin/nm conftest.o \| sed -n -e 's/^.*[ 	]\([BCDEGRST][BCDEGRST]*\)[ 	][ 	]*_\([_A-Za-z][_A-Za-z0-9]*\)$/\1 _\2 \2/p' \> conftest.nm
configure:6318: $? = 0
configure:6370: gcc -o conftest -O2 -Wall   conftest.c conftstm.o >&5
configure:6373: $? = 0
configure:6411: result: ok
configure:6415: checking for objdir
configure:6430: result: .libs
configure:6522: checking for ar
configure:6538: found /Applications/Xcode.app/Contents/Developer/Toolchains/XcodeDefault.xctoolchain/usr/bin/ar
configure:6549: result: ar
configure:6618: checking for ranlib
configure:6634: found /Applications/Xcode.app/Contents/Developer/Toolchains/XcodeDefault.xctoolchain/usr/bin/ranlib
configure:6645: result: ranlib
configure:6714: checking for strip
configure:6730: found /Applications/Xcode.app/Contents/Developer/Toolchains/XcodeDefault.xctoolchain/usr/bin/strip
configure:6741: result: strip
configure:7027: checking if gcc supports -fno-rtti -fno-exceptions
configure:7045: gcc -c -O2 -Wall  -fno-rtti -fno-exceptions conftest.c >&5
cc1: warning: command line option "-fno-rtti" is valid for C++/ObjC++ but not for C
configure:7049: $? = 0
configure:7062: result: no
configure:7077: checking for gcc option to produce PIC
configure:7287: result: -fPIC
configure:7295: checking if gcc PIC flag -fPIC works
configure:7313: gcc -c -O2 -Wall  -fPIC -DPIC conftest.c >&5
configure:7317: $? = 0
configure:7330: result: yes
configure:7358: checking if gcc static flag -static works
configure:7386: result: no
configure:7396: checking if gcc supports -c -o file.o
configure:7417: gcc -c -O2 -Wall  -o out/conftest2.o conftest.c >&5
configure:7421: $? = 0
configure:7443: result: yes
configure:7469: checking whether the gcc linker (/Applications/Xcode.app/Contents/Developer/usr/llvm-gcc-4.2/libexec/gcc/i686-apple-darwin11/4.2.1/ld) supports shared libraries
configure:8424: result: no
configure:8491: checking dynamic linker characteristics
configure:9067: result: no
configure:9076: checking how to hardcode library paths into programs
configure:9101: result: unsupported
configure:9115: checking whether stripping libraries is possible
configure:9136: result: no
configure:9921: checking if libtool supports shared libraries
configure:9923: result: no
configure:9926: checking whether to build shared libraries
configure:9947: result: no
configure:9950: checking whether to build static libraries
configure:9954: result: yes
configure:10046: creating libtool
configure:10634: checking for ld used by g++
configure:10701: result: /Applications/Xcode.app/Contents/Developer/usr/llvm-gcc-4.2/libexec/gcc/i686-apple-darwin11/4.2.1/ld
configure:10710: checking if the linker (/Applications/Xcode.app/Contents/Developer/usr/llvm-gcc-4.2/libexec/gcc/i686-apple-darwin11/4.2.1/ld) is GNU ld
configure:10725: result: no
configure:10776: checking whether the g++ linker (/Applications/Xcode.app/Contents/Developer/usr/llvm-gcc-4.2/libexec/gcc/i686-apple-darwin11/4.2.1/ld) supports shared libraries
configure:11710: result: no
configure:11728: g++ -c -g -O2  conftest.cpp >&5
configure:11731: $? = 0
configure:11850: checking for g++ option to produce PIC
configure:12124: result: -fPIC
configure:12132: checking if g++ PIC flag -fPIC works
configure:12150: g++ -c -g -O2  -fPIC -DPIC conftest.cpp >&5
configure:12154: $? = 0
configure:12167: result: yes
configure:12195: checking if g++ static flag -static works
configure:12223: result: no
configure:12233: checking if g++ supports -c -o file.o
configure:12254: g++ -c -g -O2  -o out/conftest2.o conftest.cpp >&5
configure:12258: $? = 0
configure:12280: result: yes
configure:12306: checking whether the g++ linker (/Applications/Xcode.app/Contents/Developer/usr/llvm-gcc-4.2/libexec/gcc/i686-apple-darwin11/4.2.1/ld) supports shared libraries
configure:12334: result: no
configure:12401: checking dynamic linker characteristics
configure:12977: result: no
configure:12986: checking how to hardcode library paths into programs
configure:13011: result: unsupported
configure:19145: checking getopt.h usability
configure:19162: gcc -c -O2 -Wall  conftest.c >&5
configure:19168: $? = 0
configure:19182: result: yes
configure:19186: checking getopt.h presence
configure:19201: gcc -E  conftest.c
configure:19207: $? = 0
configure:19221: result: yes
configure:19254: checking for getopt.h
configure:19262: result: yes
configure:19276: checking for u_int32_t
configure:19306: gcc -c -O2 -Wall  conftest.c >&5
configure:19312: $? = 0
configure:19327: result: yes
configure:19338: checking for u_int16_t
configure:19368: gcc -c -O2 -Wall  conftest.c >&5
configure:19374: $? = 0
configure:19389: result: yes
configure:19400: checking for int32_t
configure:19430: gcc -c -O2 -Wall  conftest.c >&5
configure:19436: $? = 0
configure:19451: result: yes
configure:19462: checking for int16_t
configure:19492: gcc -c -O2 -Wall  conftest.c >&5
configure:19498: $? = 0
configure:19513: result: yes
configure:19525: checking whether strcasecmp is declared
configure:19554: gcc -c -O2 -Wall  conftest.c >&5
configure:19560: $? = 0
configure:19575: result: yes
configure:19587: checking for getopt_long in -lgnugetopt
configure:19622: gcc -o conftest -O2 -Wall   conftest.c -lgnugetopt   >&5
ld: library not found for -lgnugetopt
collect2: ld returned 1 exit status
configure:19628: $? = 1
configure: failed program was:
| /* confdefs.h.  */
| #define PACKAGE_NAME "FAAC"
| #define PACKAGE_TARNAME "faac"
| #define PACKAGE_VERSION "1.28"
| #define PACKAGE_STRING "FAAC 1.28"
| #define PACKAGE_BUGREPORT "faac-dev@lists.sourceforge.net"
| #define PACKAGE "faac"
| #define VERSION "1.28"
| #define STDC_HEADERS 1
| #define HAVE_SYS_TYPES_H 1
| #define HAVE_SYS_STAT_H 1
| #define HAVE_STDLIB_H 1
| #define HAVE_STRING_H 1
| #define HAVE_MEMORY_H 1
| #define HAVE_STRINGS_H 1
| #define HAVE_INTTYPES_H 1
| #define HAVE_STDINT_H 1
| #define HAVE_UNISTD_H 1
| #define HAVE_DLFCN_H 1
| #define HAVE_GETOPT_H 1
| #define HAVE_U_INT32_T 1
| #define HAVE_U_INT16_T 1
| #define HAVE_INT32_T 1
| #define HAVE_INT16_T 1
| #define HAVE_STRCASECMP 1
| /* end confdefs.h.  */
| 
| /* Override any GCC internal prototype to avoid an error.
|    Use char because int might match the return type of a GCC
|    builtin and then its argument prototype would still apply.  */
| #ifdef __cplusplus
| extern "C"
| #endif
| char getopt_long ();
| int
| main ()
| {
| return getopt_long ();
|   ;
|   return 0;
| }
configure:19646: result: no
configure:19669: checking whether MP4Create is declared
configure:19699: gcc -c -O2 -Wall  conftest.c >&5
conftest.c:27:17: error: mp4.h: No such file or directory
conftest.c: In function 'main':
conftest.c:33: error: 'MP4Create' undeclared (first use in this function)
conftest.c:33: error: (Each undeclared identifier is reported only once
conftest.c:33: error: for each function it appears in.)
configure:19705: $? = 1
configure: failed program was:
| /* confdefs.h.  */
| #define PACKAGE_NAME "FAAC"
| #define PACKAGE_TARNAME "faac"
| #define PACKAGE_VERSION "1.28"
| #define PACKAGE_STRING "FAAC 1.28"
| #define PACKAGE_BUGREPORT "faac-dev@lists.sourceforge.net"
| #define PACKAGE "faac"
| #define VERSION "1.28"
| #define STDC_HEADERS 1
| #define HAVE_SYS_TYPES_H 1
| #define HAVE_SYS_STAT_H 1
| #define HAVE_STDLIB_H 1
| #define HAVE_STRING_H 1
| #define HAVE_MEMORY_H 1
| #define HAVE_STRINGS_H 1
| #define HAVE_INTTYPES_H 1
| #define HAVE_STDINT_H 1
| #define HAVE_UNISTD_H 1
| #define HAVE_DLFCN_H 1
| #define HAVE_GETOPT_H 1
| #define HAVE_U_INT32_T 1
| #define HAVE_U_INT16_T 1
| #define HAVE_INT32_T 1
| #define HAVE_INT16_T 1
| #define HAVE_STRCASECMP 1
| /* end confdefs.h.  */
| #include <mp4.h>
| 
| int
| main ()
| {
| #ifndef MP4Create
|   (void) MP4Create;
| #endif
| 
|   ;
|   return 0;
| }
configure:19720: result: no
configure:19802: checking whether MP4MetadataDelete is declared
configure:19832: gcc -c -O2 -Wall  conftest.c >&5
conftest.c:28:17: error: mp4.h: No such file or directory
conftest.c: In function 'main':
conftest.c:34: error: 'MP4MetadataDelete' undeclared (first use in this function)
conftest.c:34: error: (Each undeclared identifier is reported only once
conftest.c:34: error: for each function it appears in.)
configure:19838: $? = 1
configure: failed program was:
| /* confdefs.h.  */
| #define PACKAGE_NAME "FAAC"
| #define PACKAGE_TARNAME "faac"
| #define PACKAGE_VERSION "1.28"
| #define PACKAGE_STRING "FAAC 1.28"
| #define PACKAGE_BUGREPORT "faac-dev@lists.sourceforge.net"
| #define PACKAGE "faac"
| #define VERSION "1.28"
| #define STDC_HEADERS 1
| #define HAVE_SYS_TYPES_H 1
| #define HAVE_SYS_STAT_H 1
| #define HAVE_STDLIB_H 1
| #define HAVE_STRING_H 1
| #define HAVE_MEMORY_H 1
| #define HAVE_STRINGS_H 1
| #define HAVE_INTTYPES_H 1
| #define HAVE_STDINT_H 1
| #define HAVE_UNISTD_H 1
| #define HAVE_DLFCN_H 1
| #define HAVE_GETOPT_H 1
| #define HAVE_U_INT32_T 1
| #define HAVE_U_INT16_T 1
| #define HAVE_INT32_T 1
| #define HAVE_INT16_T 1
| #define HAVE_STRCASECMP 1
| #define HAVE_DECL_MP4CREATE 0
| /* end confdefs.h.  */
| #include <mp4.h>
| 
| int
| main ()
| {
| #ifndef MP4MetadataDelete
|   (void) MP4MetadataDelete;
| #endif
| 
|   ;
|   return 0;
| }
configure:19853: result: no
configure:19943: *** Building with internal mp4v2 ***
configure:19998: checking whether byte ordering is bigendian
configure:20031: gcc -c -O2 -Wall  conftest.c >&5
configure:20037: $? = 0
configure:20069: gcc -c -O2 -Wall  conftest.c >&5
conftest.c: In function 'main':
conftest.c:37: error: 'not' undeclared (first use in this function)
conftest.c:37: error: (Each undeclared identifier is reported only once
conftest.c:37: error: for each function it appears in.)
conftest.c:37: error: expected ';' before 'big'
configure:20075: $? = 1
configure: failed program was:
| /* confdefs.h.  */
| #define PACKAGE_NAME "FAAC"
| #define PACKAGE_TARNAME "faac"
| #define PACKAGE_VERSION "1.28"
| #define PACKAGE_STRING "FAAC 1.28"
| #define PACKAGE_BUGREPORT "faac-dev@lists.sourceforge.net"
| #define PACKAGE "faac"
| #define VERSION "1.28"
| #define STDC_HEADERS 1
| #define HAVE_SYS_TYPES_H 1
| #define HAVE_SYS_STAT_H 1
| #define HAVE_STDLIB_H 1
| #define HAVE_STRING_H 1
| #define HAVE_MEMORY_H 1
| #define HAVE_STRINGS_H 1
| #define HAVE_INTTYPES_H 1
| #define HAVE_STDINT_H 1
| #define HAVE_UNISTD_H 1
| #define HAVE_DLFCN_H 1
| #define HAVE_GETOPT_H 1
| #define HAVE_U_INT32_T 1
| #define HAVE_U_INT16_T 1
| #define HAVE_INT32_T 1
| #define HAVE_INT16_T 1
| #define HAVE_STRCASECMP 1
| #define HAVE_DECL_MP4CREATE 0
| #define HAVE_DECL_MP4METADATADELETE 0
| #define HAVE_LIBMP4V2 1
| /* end confdefs.h.  */
| #include <sys/types.h>
| #include <sys/param.h>
| 
| int
| main ()
| {
| #if BYTE_ORDER != BIG_ENDIAN
|  not big endian
| #endif
| 
|   ;
|   return 0;
| }
configure:20215: result: no
configure:20235: checking for ANSI C header files
configure:20399: result: yes
configure:20416: checking for special C compiler options needed for large files
configure:20509: result: no
configure:20515: checking for _FILE_OFFSET_BITS value needed for large files
configure:20550: gcc -c -O2 -Wall  conftest.c >&5
configure:20556: $? = 0
configure:20624: result: no
configure:20765: checking for stdint.h
configure:20771: result: yes
configure:20765: checking for inttypes.h
configure:20771: result: yes
configure:20920: checking mathf.h usability
configure:20937: gcc -c -O2 -Wall  conftest.c >&5
conftest.c:66:19: error: mathf.h: No such file or directory
configure:20943: $? = 1
configure: failed program was:
| /* confdefs.h.  */
| #define PACKAGE_NAME "FAAC"
| #define PACKAGE_TARNAME "faac"
| #define PACKAGE_VERSION "1.28"
| #define PACKAGE_STRING "FAAC 1.28"
| #define PACKAGE_BUGREPORT "faac-dev@lists.sourceforge.net"
| #define PACKAGE "faac"
| #define VERSION "1.28"
| #define STDC_HEADERS 1
| #define HAVE_SYS_TYPES_H 1
| #define HAVE_SYS_STAT_H 1
| #define HAVE_STDLIB_H 1
| #define HAVE_STRING_H 1
| #define HAVE_MEMORY_H 1
| #define HAVE_STRINGS_H 1
| #define HAVE_INTTYPES_H 1
| #define HAVE_STDINT_H 1
| #define HAVE_UNISTD_H 1
| #define HAVE_DLFCN_H 1
| #define HAVE_GETOPT_H 1
| #define HAVE_U_INT32_T 1
| #define HAVE_U_INT16_T 1
| #define HAVE_INT32_T 1
| #define HAVE_INT16_T 1
| #define HAVE_STRCASECMP 1
| #define HAVE_DECL_MP4CREATE 0
| #define HAVE_DECL_MP4METADATADELETE 0
| #define HAVE_LIBMP4V2 1
| #define STDC_HEADERS 1
| #define HAVE_STDINT_H 1
| #define HAVE_INTTYPES_H 1
| /* end confdefs.h.  */
| #include <stdio.h>
| #ifdef HAVE_SYS_TYPES_H
| # include <sys/types.h>
| #endif
| #ifdef HAVE_SYS_STAT_H
| # include <sys/stat.h>
| #endif
| #ifdef STDC_HEADERS
| # include <stdlib.h>
| # include <stddef.h>
| #else
| # ifdef HAVE_STDLIB_H
| #  include <stdlib.h>
| # endif
| #endif
| #ifdef HAVE_STRING_H
| # if !defined STDC_HEADERS && defined HAVE_MEMORY_H
| #  include <memory.h>
| # endif
| # include <string.h>
| #endif
| #ifdef HAVE_STRINGS_H
| # include <strings.h>
| #endif
| #ifdef HAVE_INTTYPES_H
| # include <inttypes.h>
| #endif
| #ifdef HAVE_STDINT_H
| # include <stdint.h>
| #endif
| #ifdef HAVE_UNISTD_H
| # include <unistd.h>
| #endif
| #include <mathf.h>
configure:20957: result: no
configure:20961: checking mathf.h presence
configure:20976: gcc -E  conftest.c
conftest.c:33:19: error: mathf.h: No such file or directory
configure:20982: $? = 1
configure: failed program was:
| /* confdefs.h.  */
| #define PACKAGE_NAME "FAAC"
| #define PACKAGE_TARNAME "faac"
| #define PACKAGE_VERSION "1.28"
| #define PACKAGE_STRING "FAAC 1.28"
| #define PACKAGE_BUGREPORT "faac-dev@lists.sourceforge.net"
| #define PACKAGE "faac"
| #define VERSION "1.28"
| #define STDC_HEADERS 1
| #define HAVE_SYS_TYPES_H 1
| #define HAVE_SYS_STAT_H 1
| #define HAVE_STDLIB_H 1
| #define HAVE_STRING_H 1
| #define HAVE_MEMORY_H 1
| #define HAVE_STRINGS_H 1
| #define HAVE_INTTYPES_H 1
| #define HAVE_STDINT_H 1
| #define HAVE_UNISTD_H 1
| #define HAVE_DLFCN_H 1
| #define HAVE_GETOPT_H 1
| #define HAVE_U_INT32_T 1
| #define HAVE_U_INT16_T 1
| #define HAVE_INT32_T 1
| #define HAVE_INT16_T 1
| #define HAVE_STRCASECMP 1
| #define HAVE_DECL_MP4CREATE 0
| #define HAVE_DECL_MP4METADATADELETE 0
| #define HAVE_LIBMP4V2 1
| #define STDC_HEADERS 1
| #define HAVE_STDINT_H 1
| #define HAVE_INTTYPES_H 1
| /* end confdefs.h.  */
| #include <mathf.h>
configure:20996: result: no
configure:21029: checking for mathf.h
configure:21037: result: no
configure:21065: checking float.h usability
configure:21082: gcc -c -O2 -Wall  conftest.c >&5
configure:21088: $? = 0
configure:21102: result: yes
configure:21106: checking float.h presence
configure:21121: gcc -E  conftest.c
configure:21127: $? = 0
configure:21141: result: yes
configure:21174: checking for float.h
configure:21182: result: yes
configure:21195: checking whether strchr is declared
configure:21224: gcc -c -O2 -Wall  conftest.c >&5
configure:21230: $? = 0
configure:21245: result: yes
configure:21255: checking whether memcpy is declared
configure:21284: gcc -c -O2 -Wall  conftest.c >&5
configure:21290: $? = 0
configure:21305: result: yes
configure:21315: checking whether strsep is declared
configure:21344: gcc -c -O2 -Wall  conftest.c >&5
configure:21350: $? = 0
configure:21365: result: yes
configure:21390: checking sys/time.h usability
configure:21407: gcc -c -O2 -Wall  conftest.c >&5
configure:21413: $? = 0
configure:21427: result: yes
configure:21431: checking sys/time.h presence
configure:21446: gcc -E  conftest.c
configure:21452: $? = 0
configure:21466: result: yes
configure:21499: checking for sys/time.h
configure:21507: result: yes
configure:21520: checking whether time.h and sys/time.h may both be included
configure:21550: gcc -c -O2 -Wall  conftest.c >&5
configure:21556: $? = 0
configure:21571: result: yes
configure:21581: checking for off_t
configure:21611: gcc -c -O2 -Wall  conftest.c >&5
configure:21617: $? = 0
configure:21632: result: yes
configure:21644: checking for in_port_t
configure:21677: gcc -c -O2 -Wall  conftest.c >&5
configure:21683: $? = 0
configure:21698: result: yes
configure:21708: checking for socklen_t
configure:21741: gcc -c -O2 -Wall  conftest.c >&5
configure:21747: $? = 0
configure:21762: result: yes
configure:21773: checking for fpos_t.__pos
configure:21802: gcc -c -O2 -Wall  conftest.c >&5
conftest.c: In function 'main':
conftest.c:47: error: request for member '__pos' in something not a structure or union
configure:21808: $? = 1
configure: failed program was:
| /* confdefs.h.  */
| #define PACKAGE_NAME "FAAC"
| #define PACKAGE_TARNAME "faac"
| #define PACKAGE_VERSION "1.28"
| #define PACKAGE_STRING "FAAC 1.28"
| #define PACKAGE_BUGREPORT "faac-dev@lists.sourceforge.net"
| #define PACKAGE "faac"
| #define VERSION "1.28"
| #define STDC_HEADERS 1
| #define HAVE_SYS_TYPES_H 1
| #define HAVE_SYS_STAT_H 1
| #define HAVE_STDLIB_H 1
| #define HAVE_STRING_H 1
| #define HAVE_MEMORY_H 1
| #define HAVE_STRINGS_H 1
| #define HAVE_INTTYPES_H 1
| #define HAVE_STDINT_H 1
| #define HAVE_UNISTD_H 1
| #define HAVE_DLFCN_H 1
| #define HAVE_GETOPT_H 1
| #define HAVE_U_INT32_T 1
| #define HAVE_U_INT16_T 1
| #define HAVE_INT32_T 1
| #define HAVE_INT16_T 1
| #define HAVE_STRCASECMP 1
| #define HAVE_DECL_MP4CREATE 0
| #define HAVE_DECL_MP4METADATADELETE 0
| #define HAVE_LIBMP4V2 1
| #define STDC_HEADERS 1
| #define HAVE_STDINT_H 1
| #define HAVE_INTTYPES_H 1
| #define HAVE_FLOAT_H 1
| #define HAVE_STRCHR 1
| #define HAVE_MEMCPY 1
| #define HAVE_STRSEP 1
| #define HAVE_SYS_TIME_H 1
| #define TIME_WITH_SYS_TIME 1
| #define HAVE_IN_PORT_T 1
| #define HAVE_SOCKLEN_T 1
| /* end confdefs.h.  */
| #include <stdio.h>
| 
| int
| main ()
| {
| static fpos_t ac_aggr;
| if (ac_aggr.__pos)
| return 0;
|   ;
|   return 0;
| }
configure:21842: gcc -c -O2 -Wall  conftest.c >&5
conftest.c: In function 'main':
conftest.c:47: error: request for member '__pos' in something not a structure or union
configure:21848: $? = 1
configure: failed program was:
| /* confdefs.h.  */
| #define PACKAGE_NAME "FAAC"
| #define PACKAGE_TARNAME "faac"
| #define PACKAGE_VERSION "1.28"
| #define PACKAGE_STRING "FAAC 1.28"
| #define PACKAGE_BUGREPORT "faac-dev@lists.sourceforge.net"
| #define PACKAGE "faac"
| #define VERSION "1.28"
| #define STDC_HEADERS 1
| #define HAVE_SYS_TYPES_H 1
| #define HAVE_SYS_STAT_H 1
| #define HAVE_STDLIB_H 1
| #define HAVE_STRING_H 1
| #define HAVE_MEMORY_H 1
| #define HAVE_STRINGS_H 1
| #define HAVE_INTTYPES_H 1
| #define HAVE_STDINT_H 1
| #define HAVE_UNISTD_H 1
| #define HAVE_DLFCN_H 1
| #define HAVE_GETOPT_H 1
| #define HAVE_U_INT32_T 1
| #define HAVE_U_INT16_T 1
| #define HAVE_INT32_T 1
| #define HAVE_INT16_T 1
| #define HAVE_STRCASECMP 1
| #define HAVE_DECL_MP4CREATE 0
| #define HAVE_DECL_MP4METADATADELETE 0
| #define HAVE_LIBMP4V2 1
| #define STDC_HEADERS 1
| #define HAVE_STDINT_H 1
| #define HAVE_INTTYPES_H 1
| #define HAVE_FLOAT_H 1
| #define HAVE_STRCHR 1
| #define HAVE_MEMCPY 1
| #define HAVE_STRSEP 1
| #define HAVE_SYS_TIME_H 1
| #define TIME_WITH_SYS_TIME 1
| #define HAVE_IN_PORT_T 1
| #define HAVE_SOCKLEN_T 1
| /* end confdefs.h.  */
| #include <stdio.h>
| 
| int
| main ()
| {
| static fpos_t ac_aggr;
| if (sizeof ac_aggr.__pos)
| return 0;
|   ;
|   return 0;
| }
configure:21866: result: no
configure:22029: creating ./config.status

## ---------------------- ##
## Running config.status. ##
## ---------------------- ##

This file was extended by FAAC config.status 1.28, which was
generated by GNU Autoconf 2.61.  Invocation command line was

  CONFIG_FILES    = 
  CONFIG_HEADERS  = 
  CONFIG_LINKS    = 
  CONFIG_COMMANDS = 
  $ ./config.status 

on alex-nichols-macbook-pro-2.local

config.status:674: creating common/Makefile
config.status:674: creating common/mp4v2/Makefile
config.status:674: creating libfaac/Makefile
config.status:674: creating frontend/Makefile
config.status:674: creating include/Makefile
config.status:674: creating Makefile
config.status:674: creating config.h
config.status:915: config.h is unchanged
config.status:965: linking ./config.h to common/mp4v2/mpeg4ip_config.h
config.status:987: executing depfiles commands

## ---------------- ##
## Cache variables. ##
## ---------------- ##

ac_cv_build=x86_64-pc-none
ac_cv_c_bigendian=no
ac_cv_c_compiler_gnu=yes
ac_cv_cxx_compiler_gnu=yes
ac_cv_env_CCC_set=
ac_cv_env_CCC_value=
ac_cv_env_CC_set=
ac_cv_env_CC_value=
ac_cv_env_CFLAGS_set=
ac_cv_env_CFLAGS_value=
ac_cv_env_CPPFLAGS_set=
ac_cv_env_CPPFLAGS_value=
ac_cv_env_CPP_set=
ac_cv_env_CPP_value=
ac_cv_env_CXXCPP_set=
ac_cv_env_CXXCPP_value=
ac_cv_env_CXXFLAGS_set=
ac_cv_env_CXXFLAGS_value=
ac_cv_env_CXX_set=
ac_cv_env_CXX_value=
ac_cv_env_F77_set=
ac_cv_env_F77_value=
ac_cv_env_FFLAGS_set=
ac_cv_env_FFLAGS_value=
ac_cv_env_LDFLAGS_set=
ac_cv_env_LDFLAGS_value=
ac_cv_env_LIBS_set=
ac_cv_env_LIBS_value=
ac_cv_env_build_alias_set=set
ac_cv_env_build_alias_value=x86_64
ac_cv_env_host_alias_set=
ac_cv_env_host_alias_value=
ac_cv_env_target_alias_set=
ac_cv_env_target_alias_value=
ac_cv_f77_compiler_gnu=no
ac_cv_have_decl_MP4Create=no
ac_cv_have_decl_MP4MetadataDelete=no
ac_cv_have_decl_memcpy=yes
ac_cv_have_decl_strcasecmp=yes
ac_cv_have_decl_strchr=yes
ac_cv_have_decl_strsep=yes
ac_cv_header_dlfcn_h=yes
ac_cv_header_float_h=yes
ac_cv_header_getopt_h=yes
ac_cv_header_inttypes_h=yes
ac_cv_header_mathf_h=no
ac_cv_header_memory_h=yes
ac_cv_header_stdc=yes
ac_cv_header_stdint_h=yes
ac_cv_header_stdlib_h=yes
ac_cv_header_string_h=yes
ac_cv_header_strings_h=yes
ac_cv_header_sys_stat_h=yes
ac_cv_header_sys_time_h=yes
ac_cv_header_sys_types_h=yes
ac_cv_header_time=yes
ac_cv_header_unistd_h=yes
ac_cv_host=x86_64-pc-none
ac_cv_lib_gnugetopt_getopt_long=no
ac_cv_member_fpos_t___pos=no
ac_cv_objext=o
ac_cv_path_EGREP='/usr/bin/grep -E'
ac_cv_path_GREP=/usr/bin/grep
ac_cv_path_install='/usr/bin/install -c'
ac_cv_prog_AWK=awk
ac_cv_prog_CPP='gcc -E'
ac_cv_prog_CXXCPP='g++ -E'
ac_cv_prog_ac_ct_AR=ar
ac_cv_prog_ac_ct_CC=gcc
ac_cv_prog_ac_ct_CXX=g++
ac_cv_prog_ac_ct_RANLIB=ranlib
ac_cv_prog_ac_ct_STRIP=strip
ac_cv_prog_cc_c89=
ac_cv_prog_cc_g=yes
ac_cv_prog_cxx_g=yes
ac_cv_prog_f77_g=no
ac_cv_prog_make_make_set=yes
ac_cv_sys_file_offset_bits=no
ac_cv_sys_largefile_CC=no
ac_cv_type_in_port_t=yes
ac_cv_type_int16_t=yes
ac_cv_type_int32_t=yes
ac_cv_type_off_t=yes
ac_cv_type_socklen_t=yes
ac_cv_type_u_int16_t=yes
ac_cv_type_u_int32_t=yes
am_cv_CC_dependencies_compiler_type=gcc3
am_cv_CXX_dependencies_compiler_type=gcc3
lt_cv_deplibs_check_method=unknown
lt_cv_file_magic_cmd='$MAGIC_CMD'
lt_cv_file_magic_test_file=
lt_cv_ld_reload_flag=-r
lt_cv_objdir=.libs
lt_cv_path_LD=/Applications/Xcode.app/Contents/Developer/usr/llvm-gcc-4.2/libexec/gcc/i686-apple-darwin11/4.2.1/ld
lt_cv_path_LDCXX=/Applications/Xcode.app/Contents/Developer/usr/llvm-gcc-4.2/libexec/gcc/i686-apple-darwin11/4.2.1/ld
lt_cv_path_NM=/Applications/Xcode.app/Contents/Developer/Toolchains/XcodeDefault.xctoolchain/usr/bin/nm
lt_cv_path_SED=/usr/bin/sed
lt_cv_prog_compiler_c_o=yes
lt_cv_prog_compiler_c_o_CXX=yes
lt_cv_prog_compiler_rtti_exceptions=no
lt_cv_prog_gnu_ld=no
lt_cv_prog_gnu_ldcxx=no
lt_cv_sys_global_symbol_pipe='sed -n -e '\''s/^.*[ 	]\([BCDEGRST][BCDEGRST]*\)[ 	][ 	]*_\([_A-Za-z][_A-Za-z0-9]*\)$/\1 _\2 \2/p'\'''
lt_cv_sys_global_symbol_to_c_name_address='sed -n -e '\''s/^: \([^ ]*\) $/  {\"\1\", (lt_ptr) 0},/p'\'' -e '\''s/^[BCDEGRST] \([^ ]*\) \([^ ]*\)$/  {"\2", (lt_ptr) \&\2},/p'\'''
lt_cv_sys_global_symbol_to_cdecl='sed -n -e '\''s/^. .* \(.*\)$/extern int \1;/p'\'''
lt_cv_sys_max_cmd_len=65536
lt_lt_cv_prog_compiler_c_o='"yes"'
lt_lt_cv_prog_compiler_c_o_CXX='"yes"'
lt_lt_cv_sys_global_symbol_pipe='"sed -n -e '\''s/^.*[ 	]\\([BCDEGRST][BCDEGRST]*\\)[ 	][ 	]*_\\([_A-Za-z][_A-Za-z0-9]*\\)\$/\\1 _\\2 \\2/p'\''"'
lt_lt_cv_sys_global_symbol_to_c_name_address='"sed -n -e '\''s/^: \\([^ ]*\\) \$/  {\\\"\\1\\\", (lt_ptr) 0},/p'\'' -e '\''s/^[BCDEGRST] \\([^ ]*\\) \\([^ ]*\\)\$/  {\"\\2\", (lt_ptr) \\&\\2},/p'\''"'
lt_lt_cv_sys_global_symbol_to_cdecl='"sed -n -e '\''s/^. .* \\(.*\\)\$/extern int \\1;/p'\''"'

## ----------------- ##
## Output variables. ##
## ----------------- ##

ACLOCAL='${SHELL} /Users/alex/Desktop/AutoConvert/VideoConverter/faac-1.28/missing --run aclocal-1.9'
AMDEPBACKSLASH='\'
AMDEP_FALSE='#'
AMDEP_TRUE=''
AMTAR='${SHELL} /Users/alex/Desktop/AutoConvert/VideoConverter/faac-1.28/missing --run tar'
AR='ar'
AUTOCONF='${SHELL} /Users/alex/Desktop/AutoConvert/VideoConverter/faac-1.28/missing --run autoconf'
AUTOHEADER='${SHELL} /Users/alex/Desktop/AutoConvert/VideoConverter/faac-1.28/missing --run autoheader'
AUTOMAKE='${SHELL} /Users/alex/Desktop/AutoConvert/VideoConverter/faac-1.28/missing --run automake-1.9'
AWK='awk'
CC='gcc'
CCDEPMODE='depmode=gcc3'
CFLAGS='-O2 -Wall'
CPP='gcc -E'
CPPFLAGS=''
CXX='g++'
CXXCPP='g++ -E'
CXXDEPMODE='depmode=gcc3'
CXXFLAGS='-g -O2'
CYGPATH_W='echo'
DEFS='-DHAVE_CONFIG_H'
DEPDIR='.deps'
ECHO='echo'
ECHO_C=''
ECHO_N='-n'
ECHO_T=''
EGREP='/usr/bin/grep -E'
EXEEXT=''
F77=''
FFLAGS=''
GREP='/usr/bin/grep'
INSTALL_DATA='${INSTALL} -m 644'
INSTALL_PROGRAM='${INSTALL}'
INSTALL_SCRIPT='${INSTALL}'
INSTALL_STRIP_PROGRAM='${SHELL} $(install_sh) -c -s'
LDFLAGS=''
LIBOBJS=''
LIBS=''
LIBTOOL='$(SHELL) $(top_builddir)/libtool'
LN_S='ln -s'
LTLIBOBJS=''
MAKEINFO='${SHELL} /Users/alex/Desktop/AutoConvert/VideoConverter/faac-1.28/missing --run makeinfo'
OBJEXT='o'
PACKAGE='faac'
PACKAGE_BUGREPORT='faac-dev@lists.sourceforge.net'
PACKAGE_NAME='FAAC'
PACKAGE_STRING='FAAC 1.28'
PACKAGE_TARNAME='faac'
PACKAGE_VERSION='1.28'
PATH_SEPARATOR=':'
RANLIB='ranlib'
SET_MAKE=''
SHELL='/bin/sh'
STRIP='strip'
USE_DRM_FALSE=''
USE_DRM_TRUE='#'
VERSION='1.28'
WITH_MP4V2_FALSE='#'
WITH_MP4V2_TRUE=''
ac_ct_CC='gcc'
ac_ct_CXX='g++'
ac_ct_F77=''
am__fastdepCC_FALSE='#'
am__fastdepCC_TRUE=''
am__fastdepCXX_FALSE='#'
am__fastdepCXX_TRUE=''
am__include='include'
am__leading_dot='.'
am__quote=''
am__tar='${AMTAR} chof - "$$tardir"'
am__untar='${AMTAR} xf -'
bindir='${exec_prefix}/bin'
build='x86_64-pc-none'
build_alias='x86_64'
build_cpu='x86_64'
build_os='none'
build_vendor='pc'
datadir='${datarootdir}'
datarootdir='${prefix}/share'
docdir='${datarootdir}/doc/${PACKAGE_TARNAME}'
dvidir='${docdir}'
exec_prefix='${prefix}'
host='x86_64-pc-none'
host_alias=''
host_cpu='x86_64'
host_os='none'
host_vendor='pc'
htmldir='${docdir}'
includedir='/Users/alex/Desktop/AutoConvert/VideoConverter/faac-1.28/output'
infodir='${datarootdir}/info'
install_sh='/Users/alex/Desktop/AutoConvert/VideoConverter/faac-1.28/install-sh'
libdir='/Users/alex/Desktop/AutoConvert/VideoConverter/faac-1.28/output'
libexecdir='${exec_prefix}/libexec'
localedir='${datarootdir}/locale'
localstatedir='${prefix}/var'
mandir='${datarootdir}/man'
mkdir_p='$(install_sh) -d'
oldincludedir='/usr/include'
pdfdir='${docdir}'
prefix='/usr/local'
program_transform_name='s,x,x,'
psdir='${docdir}'
sbindir='${exec_prefix}/sbin'
sharedstatedir='${prefix}/com'
sysconfdir='${prefix}/etc'
target_alias=''

## ----------- ##
## confdefs.h. ##
## ----------- ##

#define PACKAGE_NAME "FAAC"
#define PACKAGE_TARNAME "faac"
#define PACKAGE_VERSION "1.28"
#define PACKAGE_STRING "FAAC 1.28"
#define PACKAGE_BUGREPORT "faac-dev@lists.sourceforge.net"
#define PACKAGE "faac"
#define VERSION "1.28"
#define STDC_HEADERS 1
#define HAVE_SYS_TYPES_H 1
#define HAVE_SYS_STAT_H 1
#define HAVE_STDLIB_H 1
#define HAVE_STRING_H 1
#define HAVE_MEMORY_H 1
#define HAVE_STRINGS_H 1
#define HAVE_INTTYPES_H 1
#define HAVE_STDINT_H 1
#define HAVE_UNISTD_H 1
#define HAVE_DLFCN_H 1
#define HAVE_GETOPT_H 1
#define HAVE_U_INT32_T 1
#define HAVE_U_INT16_T 1
#define HAVE_INT32_T 1
#define HAVE_INT16_T 1
#define HAVE_STRCASECMP 1
#define HAVE_DECL_MP4CREATE 0
#define HAVE_DECL_MP4METADATADELETE 0
#define HAVE_LIBMP4V2 1
#define STDC_HEADERS 1
#define HAVE_STDINT_H 1
#define HAVE_INTTYPES_H 1
#define HAVE_FLOAT_H 1
#define HAVE_STRCHR 1
#define HAVE_MEMCPY 1
#define HAVE_STRSEP 1
#define HAVE_SYS_TIME_H 1
#define TIME_WITH_SYS_TIME 1
#define HAVE_IN_PORT_T 1
#define HAVE_SOCKLEN_T 1

configure: exit 0
