This file contains any messages produced by compilers while
running configure, to aid debugging if configure makes a mistake.

It was created by configure, which was
generated by GNU Autoconf 2.68.  Invocation command line was

  $ ./configure --build=x86_64 --enable-static --disable-shared --libdir=/Users/alex/Desktop/AutoConvert/VideoConverter/libmodplug-0.8.8.4/output --includedir=/Users/alex/Desktop/AutoConvert/VideoConverter/libmodplug-0.8.8.4/output --with-pic

## --------- ##
## Platform. ##
## --------- ##

hostname = alex-nichols-macbook-pro-2.local
uname -m = x86_64
uname -r = 11.3.0
uname -s = Darwin
uname -v = Darwin Kernel Version 11.3.0: Thu Jan 12 18:47:41 PST 2012; root:xnu-1699.24.23~1/RELEASE_X86_64

/usr/bin/uname -p = i386
/bin/uname -X     = unknown

/bin/arch              = unknown
/usr/bin/arch -k       = unknown
/usr/convex/getsysinfo = unknown
/usr/bin/hostinfo      = Mach kernel version:
	 Darwin Kernel Version 11.3.0: Thu Jan 12 18:47:41 PST 2012; root:xnu-1699.24.23~1/RELEASE_X86_64
Kernel configured for up to 2 processors.
2 processors are physically available.
2 processors are logically available.
Processor type: i486 (Intel 80486)
Processors active: 0 1
Primary memory available: 4.00 gigabytes
Default processor set: 114 tasks, 481 threads, 2 processors
Load average: 3.78, Mach factor: 0.38
/bin/machine           = unknown
/usr/bin/oslevel       = unknown
/bin/universe          = unknown

PATH: /Applications/Xcode.app/Contents/Developer/Toolchains/XcodeDefault.xctoolchain/usr/bin
PATH: /Applications/Xcode.app/Contents/Developer/Toolchains/XcodeDefault.xctoolchain/usr/local/bin
PATH: /Applications/Xcode.app/Contents/Developer/Platforms/MacOSX.platform/Developer/usr/bin
PATH: /Applications/Xcode.app/Contents/Developer/Platforms/MacOSX.platform/Developer/usr/local/bin
PATH: /Applications/Xcode.app/Contents/Developer/usr/bin
PATH: /Applications/Xcode.app/Contents/Developer/usr/local/bin
PATH: /Applications/Xcode.app/Contents/Developer/Tools
PATH: /usr/bin
PATH: /bin
PATH: /usr/sbin
PATH: /sbin


## ----------- ##
## Core tests. ##
## ----------- ##

configure:2543: checking for a BSD-compatible install
configure:2611: result: /usr/bin/install -c
configure:2622: checking whether build environment is sane
configure:2672: result: yes
configure:2813: checking for a thread-safe mkdir -p
configure:2852: result: ./install-sh -c -d
configure:2865: checking for gawk
configure:2895: result: no
configure:2865: checking for mawk
configure:2895: result: no
configure:2865: checking for nawk
configure:2895: result: no
configure:2865: checking for awk
configure:2881: found /usr/bin/awk
configure:2892: result: awk
configure:2903: checking whether make sets $(MAKE)
configure:2925: result: yes
configure:3127: checking for gcc
configure:3143: found /Applications/Xcode.app/Contents/Developer/usr/bin/gcc
configure:3154: result: gcc
configure:3383: checking for C compiler version
configure:3392: gcc --version >&5
i686-apple-darwin11-llvm-gcc-4.2 (GCC) 4.2.1 (Based on Apple Inc. build 5658) (LLVM build 2336.9.00)
Copyright (C) 2007 Free Software Foundation, Inc.
This is free software; see the source for copying conditions.  There is NO
warranty; not even for MERCHANTABILITY or FITNESS FOR A PARTICULAR PURPOSE.

configure:3403: $? = 0
configure:3392: gcc -v >&5
Using built-in specs.
Target: i686-apple-darwin11
Configured with: /private/var/tmp/llvmgcc42/llvmgcc42-2336.9~22/src/configure --disable-checking --enable-werror --prefix=/Applications/Xcode.app/Contents/Developer/usr/llvm-gcc-4.2 --mandir=/share/man --enable-languages=c,objc,c++,obj-c++ --program-prefix=llvm- --program-transform-name=/^[cg][^.-]*$/s/$/-4.2/ --with-slibdir=/usr/lib --build=i686-apple-darwin11 --enable-llvm=/private/var/tmp/llvmgcc42/llvmgcc42-2336.9~22/dst-llvmCore/Developer/usr/local --program-prefix=i686-apple-darwin11- --host=x86_64-apple-darwin11 --target=i686-apple-darwin11 --with-gxx-include-dir=/usr/include/c++/4.2.1
Thread model: posix
gcc version 4.2.1 (Based on Apple Inc. build 5658) (LLVM build 2336.9.00)
configure:3403: $? = 0
configure:3392: gcc -V >&5
llvm-gcc-4.2: argument to `-V' is missing
configure:3403: $? = 1
configure:3392: gcc -qversion >&5
i686-apple-darwin11-llvm-gcc-4.2: no input files
configure:3403: $? = 1
configure:3423: checking whether the C compiler works
configure:3445: gcc    conftest.c  >&5
configure:3449: $? = 0
configure:3497: result: yes
configure:3500: checking for C compiler default output file name
configure:3502: result: a.out
configure:3508: checking for suffix of executables
configure:3515: gcc -o conftest    conftest.c  >&5
configure:3519: $? = 0
configure:3541: result: 
configure:3563: checking whether we are cross compiling
configure:3571: gcc -o conftest    conftest.c  >&5
configure:3575: $? = 0
configure:3582: ./conftest
configure:3586: $? = 0
configure:3601: result: no
configure:3606: checking for suffix of object files
configure:3628: gcc -c   conftest.c >&5
configure:3632: $? = 0
configure:3653: result: o
configure:3657: checking whether we are using the GNU C compiler
configure:3676: gcc -c   conftest.c >&5
configure:3676: $? = 0
configure:3685: result: yes
configure:3694: checking whether gcc accepts -g
configure:3714: gcc -c -g  conftest.c >&5
configure:3714: $? = 0
configure:3755: result: yes
configure:3772: checking for gcc option to accept ISO C89
configure:3836: gcc  -c -g -O2  conftest.c >&5
configure:3836: $? = 0
configure:3849: result: none needed
configure:3880: checking for style of include used by make
configure:3908: result: GNU
configure:3933: checking dependency style of gcc
configure:4043: result: gcc3
configure:4116: checking for g++
configure:4132: found /Applications/Xcode.app/Contents/Developer/usr/bin/g++
configure:4143: result: g++
configure:4170: checking for C++ compiler version
configure:4179: g++ --version >&5
i686-apple-darwin11-llvm-g++-4.2 (GCC) 4.2.1 (Based on Apple Inc. build 5658) (LLVM build 2336.9.00)
Copyright (C) 2007 Free Software Foundation, Inc.
This is free software; see the source for copying conditions.  There is NO
warranty; not even for MERCHANTABILITY or FITNESS FOR A PARTICULAR PURPOSE.

configure:4190: $? = 0
configure:4179: g++ -v >&5
Using built-in specs.
Target: i686-apple-darwin11
Configured with: /private/var/tmp/llvmgcc42/llvmgcc42-2336.9~22/src/configure --disable-checking --enable-werror --prefix=/Applications/Xcode.app/Contents/Developer/usr/llvm-gcc-4.2 --mandir=/share/man --enable-languages=c,objc,c++,obj-c++ --program-prefix=llvm- --program-transform-name=/^[cg][^.-]*$/s/$/-4.2/ --with-slibdir=/usr/lib --build=i686-apple-darwin11 --enable-llvm=/private/var/tmp/llvmgcc42/llvmgcc42-2336.9~22/dst-llvmCore/Developer/usr/local --program-prefix=i686-apple-darwin11- --host=x86_64-apple-darwin11 --target=i686-apple-darwin11 --with-gxx-include-dir=/usr/include/c++/4.2.1
Thread model: posix
gcc version 4.2.1 (Based on Apple Inc. build 5658) (LLVM build 2336.9.00)
configure:4190: $? = 0
configure:4179: g++ -V >&5
llvm-g++-4.2: argument to `-V' is missing
configure:4190: $? = 1
configure:4179: g++ -qversion >&5
i686-apple-darwin11-llvm-g++-4.2: no input files
configure:4190: $? = 1
configure:4194: checking whether we are using the GNU C++ compiler
configure:4213: g++ -c   conftest.cpp >&5
configure:4213: $? = 0
configure:4222: result: yes
configure:4231: checking whether g++ accepts -g
configure:4251: g++ -c -g  conftest.cpp >&5
configure:4251: $? = 0
configure:4292: result: yes
configure:4317: checking dependency style of g++
configure:4427: result: gcc3
configure:4454: checking how to run the C++ preprocessor
configure:4481: g++ -E  conftest.cpp
configure:4481: $? = 0
configure:4495: g++ -E  conftest.cpp
conftest.cpp:11:28: error: ac_nonexistent.h: No such file or directory
configure:4495: $? = 1
configure: failed program was:
| /* confdefs.h */
| #define PACKAGE_NAME ""
| #define PACKAGE_TARNAME ""
| #define PACKAGE_VERSION ""
| #define PACKAGE_STRING ""
| #define PACKAGE_BUGREPORT ""
| #define PACKAGE_URL ""
| #define PACKAGE "libmodplug"
| #define VERSION "0.8.8.4"
| /* end confdefs.h.  */
| #include <ac_nonexistent.h>
configure:4520: result: g++ -E
configure:4540: g++ -E  conftest.cpp
configure:4540: $? = 0
configure:4554: g++ -E  conftest.cpp
conftest.cpp:11:28: error: ac_nonexistent.h: No such file or directory
configure:4554: $? = 1
configure: failed program was:
| /* confdefs.h */
| #define PACKAGE_NAME ""
| #define PACKAGE_TARNAME ""
| #define PACKAGE_VERSION ""
| #define PACKAGE_STRING ""
| #define PACKAGE_BUGREPORT ""
| #define PACKAGE_URL ""
| #define PACKAGE "libmodplug"
| #define VERSION "0.8.8.4"
| /* end confdefs.h.  */
| #include <ac_nonexistent.h>
configure:4583: checking for grep that handles long lines and -e
configure:4641: result: /usr/bin/grep
configure:4646: checking for egrep
configure:4708: result: /usr/bin/grep -E
configure:4713: checking for ANSI C header files
configure:4733: g++ -c -g -O2  conftest.cpp >&5
configure:4733: $? = 0
configure:4806: g++ -o conftest -g -O2   conftest.cpp  >&5
configure:4806: $? = 0
configure:4806: ./conftest
configure:4806: $? = 0
configure:4817: result: yes
configure:4830: checking for sys/types.h
configure:4830: g++ -c -g -O2  conftest.cpp >&5
configure:4830: $? = 0
configure:4830: result: yes
configure:4830: checking for sys/stat.h
configure:4830: g++ -c -g -O2  conftest.cpp >&5
configure:4830: $? = 0
configure:4830: result: yes
configure:4830: checking for stdlib.h
configure:4830: g++ -c -g -O2  conftest.cpp >&5
configure:4830: $? = 0
configure:4830: result: yes
configure:4830: checking for string.h
configure:4830: g++ -c -g -O2  conftest.cpp >&5
configure:4830: $? = 0
configure:4830: result: yes
configure:4830: checking for memory.h
configure:4830: g++ -c -g -O2  conftest.cpp >&5
configure:4830: $? = 0
configure:4830: result: yes
configure:4830: checking for strings.h
configure:4830: g++ -c -g -O2  conftest.cpp >&5
configure:4830: $? = 0
configure:4830: result: yes
configure:4830: checking for inttypes.h
configure:4830: g++ -c -g -O2  conftest.cpp >&5
configure:4830: $? = 0
configure:4830: result: yes
configure:4830: checking for stdint.h
configure:4830: g++ -c -g -O2  conftest.cpp >&5
configure:4830: $? = 0
configure:4830: result: yes
configure:4830: checking for unistd.h
configure:4830: g++ -c -g -O2  conftest.cpp >&5
configure:4830: $? = 0
configure:4830: result: yes
configure:4842: checking whether byte ordering is bigendian
configure:4857: g++ -c -g -O2  conftest.cpp >&5
configure:4857: $? = 0
configure:4902: g++ -c -g -O2  conftest.cpp >&5
configure:4902: $? = 0
configure:4920: g++ -c -g -O2  conftest.cpp >&5
conftest.cpp: In function 'int main()':
conftest.cpp:28: error: 'big' was not declared in this scope
conftest.cpp:28: error: expected `;' before 'endian'
configure:4920: $? = 1
configure: failed program was:
| /* confdefs.h */
| #define PACKAGE_NAME ""
| #define PACKAGE_TARNAME ""
| #define PACKAGE_VERSION ""
| #define PACKAGE_STRING ""
| #define PACKAGE_BUGREPORT ""
| #define PACKAGE_URL ""
| #define PACKAGE "libmodplug"
| #define VERSION "0.8.8.4"
| #define STDC_HEADERS 1
| #define HAVE_SYS_TYPES_H 1
| #define HAVE_SYS_STAT_H 1
| #define HAVE_STDLIB_H 1
| #define HAVE_STRING_H 1
| #define HAVE_MEMORY_H 1
| #define HAVE_STRINGS_H 1
| #define HAVE_INTTYPES_H 1
| #define HAVE_STDINT_H 1
| #define HAVE_UNISTD_H 1
| /* end confdefs.h.  */
| #include <sys/types.h>
| 		#include <sys/param.h>
| 
| int
| main ()
| {
| #if BYTE_ORDER != BIG_ENDIAN
| 		 not big endian
| 		#endif
| 
|   ;
|   return 0;
| }
configure:5048: result: no
configure:5099: checking build system type
configure:5113: result: x86_64-pc-none
configure:5133: checking host system type
configure:5146: result: x86_64-pc-none
configure:5187: checking how to print strings
configure:5214: result: printf
configure:5235: checking for a sed that does not truncate output
configure:5299: result: /usr/bin/sed
configure:5317: checking for fgrep
configure:5379: result: /usr/bin/grep -F
configure:5414: checking for ld used by gcc
configure:5481: result: /Applications/Xcode.app/Contents/Developer/usr/llvm-gcc-4.2/libexec/gcc/i686-apple-darwin11/4.2.1/ld
configure:5488: checking if the linker (/Applications/Xcode.app/Contents/Developer/usr/llvm-gcc-4.2/libexec/gcc/i686-apple-darwin11/4.2.1/ld) is GNU ld
configure:5503: result: no
configure:5515: checking for BSD- or MS-compatible name lister (nm)
configure:5564: result: /Applications/Xcode.app/Contents/Developer/Toolchains/XcodeDefault.xctoolchain/usr/bin/nm
configure:5694: checking the name lister (/Applications/Xcode.app/Contents/Developer/Toolchains/XcodeDefault.xctoolchain/usr/bin/nm) interface
configure:5701: g++ -c -g -O2  conftest.cpp >&5
configure:5704: /Applications/Xcode.app/Contents/Developer/Toolchains/XcodeDefault.xctoolchain/usr/bin/nm "conftest.o"
configure:5707: output
00000000000001d4 S _some_variable
configure:5714: result: BSD nm
configure:5717: checking whether ln -s works
configure:5721: result: yes
configure:5729: checking the maximum length of command line arguments
configure:5854: result: 196608
configure:5871: checking whether the shell understands some XSI constructs
configure:5881: result: yes
configure:5885: checking whether the shell understands "+="
configure:5891: result: yes
configure:5926: checking how to convert x86_64-pc-none file names to x86_64-pc-none format
configure:5966: result: func_convert_file_noop
configure:5973: checking how to convert x86_64-pc-none file names to toolchain format
configure:5993: result: func_convert_file_noop
configure:6000: checking for /Applications/Xcode.app/Contents/Developer/usr/llvm-gcc-4.2/libexec/gcc/i686-apple-darwin11/4.2.1/ld option to reload object files
configure:6007: result: -r
configure:6081: checking for objdump
configure:6111: result: no
configure:6140: checking how to recognize dependent libraries
configure:6342: result: unknown
configure:6427: checking for dlltool
configure:6457: result: no
configure:6487: checking how to associate runtime and link libraries
configure:6514: result: printf %s\n
configure:6574: checking for ar
configure:6590: found /Applications/Xcode.app/Contents/Developer/Toolchains/XcodeDefault.xctoolchain/usr/bin/ar
configure:6601: result: ar
configure:6638: checking for archiver @FILE support
configure:6655: g++ -c -g -O2  conftest.cpp >&5
configure:6655: $? = 0
configure:6658: ar cru libconftest.a @conftest.lst >&5
ar: @conftest.lst: No such file or directory
configure:6661: $? = 1
configure:6681: result: no
configure:6739: checking for strip
configure:6755: found /Applications/Xcode.app/Contents/Developer/Toolchains/XcodeDefault.xctoolchain/usr/bin/strip
configure:6766: result: strip
configure:6838: checking for ranlib
configure:6854: found /Applications/Xcode.app/Contents/Developer/Toolchains/XcodeDefault.xctoolchain/usr/bin/ranlib
configure:6865: result: ranlib
configure:6967: checking command to parse /Applications/Xcode.app/Contents/Developer/Toolchains/XcodeDefault.xctoolchain/usr/bin/nm output from gcc object
configure:7086: g++ -c -g -O2  conftest.cpp >&5
configure:7089: $? = 0
configure:7093: /Applications/Xcode.app/Contents/Developer/Toolchains/XcodeDefault.xctoolchain/usr/bin/nm conftest.o \| sed -n -e 's/^.*[ ]\([BCDEGRST][BCDEGRST]*\)[ ][ ]*\([_A-Za-z][_A-Za-z0-9]*\)$/\1 \2 \2/p' | sed '/ __gnu_lto/d' \> conftest.nm
configure:7096: $? = 0
cannot find nm_test_var in conftest.nm
configure:7086: g++ -c -g -O2  conftest.cpp >&5
configure:7089: $? = 0
configure:7093: /Applications/Xcode.app/Contents/Developer/Toolchains/XcodeDefault.xctoolchain/usr/bin/nm conftest.o \| sed -n -e 's/^.*[ ]\([BCDEGRST][BCDEGRST]*\)[ ][ ]*_\([_A-Za-z][_A-Za-z0-9]*\)$/\1 _\2 \2/p' | sed '/ __gnu_lto/d' \> conftest.nm
configure:7096: $? = 0
configure:7162: g++ -o conftest -g -O2   conftest.cpp conftstm.o >&5
configure:7165: $? = 0
configure:7203: result: ok
configure:7240: checking for sysroot
configure:7270: result: no
configure:7514: checking for mt
configure:7544: result: no
configure:7564: checking if : is a manifest tool
configure:7570: : '-?'
configure:7578: result: no
configure:8207: checking for dlfcn.h
configure:8207: g++ -c -g -O2  conftest.cpp >&5
configure:8207: $? = 0
configure:8207: result: yes
configure:8374: checking for objdir
configure:8389: result: .libs
configure:8656: checking if gcc supports -fno-rtti -fno-exceptions
configure:8674: gcc -c -g -O2  -fno-rtti -fno-exceptions conftest.c >&5
cc1: warning: command line option "-fno-rtti" is valid for C++/ObjC++ but not for C
configure:8678: $? = 0
configure:8691: result: no
configure:9001: checking for gcc option to produce PIC
configure:9008: result: -fPIC -DPIC
configure:9016: checking if gcc PIC flag -fPIC -DPIC works
configure:9034: gcc -c -g -O2  -fPIC -DPIC -DPIC conftest.c >&5
configure:9038: $? = 0
configure:9051: result: yes
configure:9080: checking if gcc static flag -static works
configure:9108: result: no
configure:9123: checking if gcc supports -c -o file.o
configure:9144: gcc -c -g -O2  -o out/conftest2.o conftest.c >&5
configure:9148: $? = 0
configure:9170: result: yes
configure:9178: checking if gcc supports -c -o file.o
configure:9225: result: yes
configure:9258: checking whether the gcc linker (/Applications/Xcode.app/Contents/Developer/usr/llvm-gcc-4.2/libexec/gcc/i686-apple-darwin11/4.2.1/ld) supports shared libraries
configure:10416: result: no
configure:10661: checking dynamic linker characteristics
configure:11401: result: no
configure:11508: checking how to hardcode library paths into programs
configure:11533: result: unsupported
configure:12073: checking whether stripping libraries is possible
configure:12095: result: no
configure:12113: checking if libtool supports shared libraries
configure:12115: result: no
configure:12118: checking whether to build shared libraries
configure:12139: result: no
configure:12142: checking whether to build static libraries
configure:12146: result: yes
configure:12169: checking how to run the C++ preprocessor
configure:12235: result: g++ -E
configure:12255: g++ -E  conftest.cpp
configure:12255: $? = 0
configure:12269: g++ -E  conftest.cpp
conftest.cpp:23:28: error: ac_nonexistent.h: No such file or directory
configure:12269: $? = 1
configure: failed program was:
| /* confdefs.h */
| #define PACKAGE_NAME ""
| #define PACKAGE_TARNAME ""
| #define PACKAGE_VERSION ""
| #define PACKAGE_STRING ""
| #define PACKAGE_BUGREPORT ""
| #define PACKAGE_URL ""
| #define PACKAGE "libmodplug"
| #define VERSION "0.8.8.4"
| #define STDC_HEADERS 1
| #define HAVE_SYS_TYPES_H 1
| #define HAVE_SYS_STAT_H 1
| #define HAVE_STDLIB_H 1
| #define HAVE_STRING_H 1
| #define HAVE_MEMORY_H 1
| #define HAVE_STRINGS_H 1
| #define HAVE_INTTYPES_H 1
| #define HAVE_STDINT_H 1
| #define HAVE_UNISTD_H 1
| #define HAVE_DLFCN_H 1
| #define LT_OBJDIR ".libs/"
| /* end confdefs.h.  */
| #include <ac_nonexistent.h>
configure:12439: checking for ld used by g++
configure:12506: result: /Applications/Xcode.app/Contents/Developer/usr/llvm-gcc-4.2/libexec/gcc/i686-apple-darwin11/4.2.1/ld
configure:12513: checking if the linker (/Applications/Xcode.app/Contents/Developer/usr/llvm-gcc-4.2/libexec/gcc/i686-apple-darwin11/4.2.1/ld) is GNU ld
configure:12528: result: no
configure:12583: checking whether the g++ linker (/Applications/Xcode.app/Contents/Developer/usr/llvm-gcc-4.2/libexec/gcc/i686-apple-darwin11/4.2.1/ld) supports shared libraries
configure:13587: result: no
configure:13622: g++ -c -g -O2  conftest.cpp >&5
configure:13625: $? = 0
configure:14145: checking for g++ option to produce PIC
configure:14152: result: -fPIC -DPIC
configure:14160: checking if g++ PIC flag -fPIC -DPIC works
configure:14178: g++ -c -g -O2  -fPIC -DPIC -DPIC conftest.cpp >&5
configure:14182: $? = 0
configure:14195: result: yes
configure:14218: checking if g++ static flag -static works
configure:14246: result: no
configure:14258: checking if g++ supports -c -o file.o
configure:14279: g++ -c -g -O2  -o out/conftest2.o conftest.cpp >&5
configure:14283: $? = 0
configure:14305: result: yes
configure:14310: checking if g++ supports -c -o file.o
configure:14357: result: yes
configure:14387: checking whether the g++ linker (/Applications/Xcode.app/Contents/Developer/usr/llvm-gcc-4.2/libexec/gcc/i686-apple-darwin11/4.2.1/ld) supports shared libraries
configure:14421: result: no
configure:14564: checking dynamic linker characteristics
configure:15238: result: no
configure:15291: checking how to hardcode library paths into programs
configure:15316: result: unsupported
configure:15375: checking for ANSI C header files
configure:15479: result: yes
configure:15490: checking for inttypes.h
configure:15490: result: yes
configure:15490: checking for stdint.h
configure:15490: result: yes
configure:15490: checking malloc.h usability
configure:15490: g++ -c -g -O2  conftest.cpp >&5
conftest.cpp:59:20: error: malloc.h: No such file or directory
configure:15490: $? = 1
configure: failed program was:
| /* confdefs.h */
| #define PACKAGE_NAME ""
| #define PACKAGE_TARNAME ""
| #define PACKAGE_VERSION ""
| #define PACKAGE_STRING ""
| #define PACKAGE_BUGREPORT ""
| #define PACKAGE_URL ""
| #define PACKAGE "libmodplug"
| #define VERSION "0.8.8.4"
| #define STDC_HEADERS 1
| #define HAVE_SYS_TYPES_H 1
| #define HAVE_SYS_STAT_H 1
| #define HAVE_STDLIB_H 1
| #define HAVE_STRING_H 1
| #define HAVE_MEMORY_H 1
| #define HAVE_STRINGS_H 1
| #define HAVE_INTTYPES_H 1
| #define HAVE_STDINT_H 1
| #define HAVE_UNISTD_H 1
| #define HAVE_DLFCN_H 1
| #define LT_OBJDIR ".libs/"
| #define STDC_HEADERS 1
| #define HAVE_INTTYPES_H 1
| #define HAVE_STDINT_H 1
| /* end confdefs.h.  */
| #include <stdio.h>
| #ifdef HAVE_SYS_TYPES_H
| # include <sys/types.h>
| #endif
| #ifdef HAVE_SYS_STAT_H
| # include <sys/stat.h>
| #endif
| #ifdef STDC_HEADERS
| # include <stdlib.h>
| # include <stddef.h>
| #else
| # ifdef HAVE_STDLIB_H
| #  include <stdlib.h>
| # endif
| #endif
| #ifdef HAVE_STRING_H
| # if !defined STDC_HEADERS && defined HAVE_MEMORY_H
| #  include <memory.h>
| # endif
| # include <string.h>
| #endif
| #ifdef HAVE_STRINGS_H
| # include <strings.h>
| #endif
| #ifdef HAVE_INTTYPES_H
| # include <inttypes.h>
| #endif
| #ifdef HAVE_STDINT_H
| # include <stdint.h>
| #endif
| #ifdef HAVE_UNISTD_H
| # include <unistd.h>
| #endif
| #include <malloc.h>
configure:15490: result: no
configure:15490: checking malloc.h presence
configure:15490: g++ -E  conftest.cpp
conftest.cpp:26:20: error: malloc.h: No such file or directory
configure:15490: $? = 1
configure: failed program was:
| /* confdefs.h */
| #define PACKAGE_NAME ""
| #define PACKAGE_TARNAME ""
| #define PACKAGE_VERSION ""
| #define PACKAGE_STRING ""
| #define PACKAGE_BUGREPORT ""
| #define PACKAGE_URL ""
| #define PACKAGE "libmodplug"
| #define VERSION "0.8.8.4"
| #define STDC_HEADERS 1
| #define HAVE_SYS_TYPES_H 1
| #define HAVE_SYS_STAT_H 1
| #define HAVE_STDLIB_H 1
| #define HAVE_STRING_H 1
| #define HAVE_MEMORY_H 1
| #define HAVE_STRINGS_H 1
| #define HAVE_INTTYPES_H 1
| #define HAVE_STDINT_H 1
| #define HAVE_UNISTD_H 1
| #define HAVE_DLFCN_H 1
| #define LT_OBJDIR ".libs/"
| #define STDC_HEADERS 1
| #define HAVE_INTTYPES_H 1
| #define HAVE_STDINT_H 1
| /* end confdefs.h.  */
| #include <malloc.h>
configure:15490: result: no
configure:15490: checking for malloc.h
configure:15490: result: no
configure:15503: checking for setenv
configure:15503: g++ -o conftest -g -O2   conftest.cpp  >&5
configure:15503: $? = 0
configure:15503: result: yes
configure:15503: checking for sinf
configure:15503: g++ -o conftest -g -O2   conftest.cpp  >&5
configure:15503: $? = 0
configure:15503: result: yes
configure:15536: checking for int8_t
configure:15536: g++ -c -g -O2 -fno-exceptions -Wall -ffast-math -D_REENTRANT  conftest.cpp >&5
configure:15536: $? = 0
configure:15536: g++ -c -g -O2 -fno-exceptions -Wall -ffast-math -D_REENTRANT  conftest.cpp >&5
conftest.cpp: In function 'int main()':
conftest.cpp:66: error: size of array 'test_array' is negative
configure:15536: $? = 1
configure: failed program was:
| /* confdefs.h */
| #define PACKAGE_NAME ""
| #define PACKAGE_TARNAME ""
| #define PACKAGE_VERSION ""
| #define PACKAGE_STRING ""
| #define PACKAGE_BUGREPORT ""
| #define PACKAGE_URL ""
| #define PACKAGE "libmodplug"
| #define VERSION "0.8.8.4"
| #define STDC_HEADERS 1
| #define HAVE_SYS_TYPES_H 1
| #define HAVE_SYS_STAT_H 1
| #define HAVE_STDLIB_H 1
| #define HAVE_STRING_H 1
| #define HAVE_MEMORY_H 1
| #define HAVE_STRINGS_H 1
| #define HAVE_INTTYPES_H 1
| #define HAVE_STDINT_H 1
| #define HAVE_UNISTD_H 1
| #define HAVE_DLFCN_H 1
| #define LT_OBJDIR ".libs/"
| #define STDC_HEADERS 1
| #define HAVE_INTTYPES_H 1
| #define HAVE_STDINT_H 1
| #define HAVE_SETENV 1
| #define HAVE_SINF 1
| /* end confdefs.h.  */
| #include <stdio.h>
| #ifdef HAVE_SYS_TYPES_H
| # include <sys/types.h>
| #endif
| #ifdef HAVE_SYS_STAT_H
| # include <sys/stat.h>
| #endif
| #ifdef STDC_HEADERS
| # include <stdlib.h>
| # include <stddef.h>
| #else
| # ifdef HAVE_STDLIB_H
| #  include <stdlib.h>
| # endif
| #endif
| #ifdef HAVE_STRING_H
| # if !defined STDC_HEADERS && defined HAVE_MEMORY_H
| #  include <memory.h>
| # endif
| # include <string.h>
| #endif
| #ifdef HAVE_STRINGS_H
| # include <strings.h>
| #endif
| #ifdef HAVE_INTTYPES_H
| # include <inttypes.h>
| #endif
| #ifdef HAVE_STDINT_H
| # include <stdint.h>
| #endif
| #ifdef HAVE_UNISTD_H
| # include <unistd.h>
| #endif
| 	        enum { N = 8 / 2 - 1 };
| int
| main ()
| {
| static int test_array [1 - 2 * !((int8_t) (((((int8_t) 1 << N) << N) - 1) * 2 + 1)
| 		 < (int8_t) (((((int8_t) 1 << N) << N) - 1) * 2 + 2))];
| test_array [0] = 0
| 
|   ;
|   return 0;
| }
configure:15536: result: yes
configure:15547: checking for uint8_t
configure:15547: g++ -c -g -O2 -fno-exceptions -Wall -ffast-math -D_REENTRANT  conftest.cpp >&5
configure:15547: $? = 0
configure:15547: result: yes
configure:15561: checking for int16_t
configure:15561: g++ -c -g -O2 -fno-exceptions -Wall -ffast-math -D_REENTRANT  conftest.cpp >&5
configure:15561: $? = 0
configure:15561: g++ -c -g -O2 -fno-exceptions -Wall -ffast-math -D_REENTRANT  conftest.cpp >&5
conftest.cpp: In function 'int main()':
conftest.cpp:66: error: size of array 'test_array' is negative
configure:15561: $? = 1
configure: failed program was:
| /* confdefs.h */
| #define PACKAGE_NAME ""
| #define PACKAGE_TARNAME ""
| #define PACKAGE_VERSION ""
| #define PACKAGE_STRING ""
| #define PACKAGE_BUGREPORT ""
| #define PACKAGE_URL ""
| #define PACKAGE "libmodplug"
| #define VERSION "0.8.8.4"
| #define STDC_HEADERS 1
| #define HAVE_SYS_TYPES_H 1
| #define HAVE_SYS_STAT_H 1
| #define HAVE_STDLIB_H 1
| #define HAVE_STRING_H 1
| #define HAVE_MEMORY_H 1
| #define HAVE_STRINGS_H 1
| #define HAVE_INTTYPES_H 1
| #define HAVE_STDINT_H 1
| #define HAVE_UNISTD_H 1
| #define HAVE_DLFCN_H 1
| #define LT_OBJDIR ".libs/"
| #define STDC_HEADERS 1
| #define HAVE_INTTYPES_H 1
| #define HAVE_STDINT_H 1
| #define HAVE_SETENV 1
| #define HAVE_SINF 1
| /* end confdefs.h.  */
| #include <stdio.h>
| #ifdef HAVE_SYS_TYPES_H
| # include <sys/types.h>
| #endif
| #ifdef HAVE_SYS_STAT_H
| # include <sys/stat.h>
| #endif
| #ifdef STDC_HEADERS
| # include <stdlib.h>
| # include <stddef.h>
| #else
| # ifdef HAVE_STDLIB_H
| #  include <stdlib.h>
| # endif
| #endif
| #ifdef HAVE_STRING_H
| # if !defined STDC_HEADERS && defined HAVE_MEMORY_H
| #  include <memory.h>
| # endif
| # include <string.h>
| #endif
| #ifdef HAVE_STRINGS_H
| # include <strings.h>
| #endif
| #ifdef HAVE_INTTYPES_H
| # include <inttypes.h>
| #endif
| #ifdef HAVE_STDINT_H
| # include <stdint.h>
| #endif
| #ifdef HAVE_UNISTD_H
| # include <unistd.h>
| #endif
| 	        enum { N = 16 / 2 - 1 };
| int
| main ()
| {
| static int test_array [1 - 2 * !((int16_t) (((((int16_t) 1 << N) << N) - 1) * 2 + 1)
| 		 < (int16_t) (((((int16_t) 1 << N) << N) - 1) * 2 + 2))];
| test_array [0] = 0
| 
|   ;
|   return 0;
| }
configure:15561: result: yes
configure:15572: checking for uint16_t
configure:15572: g++ -c -g -O2 -fno-exceptions -Wall -ffast-math -D_REENTRANT  conftest.cpp >&5
configure:15572: $? = 0
configure:15572: result: yes
configure:15584: checking for int32_t
configure:15584: g++ -c -g -O2 -fno-exceptions -Wall -ffast-math -D_REENTRANT  conftest.cpp >&5
configure:15584: $? = 0
configure:15584: g++ -c -g -O2 -fno-exceptions -Wall -ffast-math -D_REENTRANT  conftest.cpp >&5
conftest.cpp: In function 'int main()':
conftest.cpp:66: error: size of array 'test_array' is negative
configure:15584: $? = 1
configure: failed program was:
| /* confdefs.h */
| #define PACKAGE_NAME ""
| #define PACKAGE_TARNAME ""
| #define PACKAGE_VERSION ""
| #define PACKAGE_STRING ""
| #define PACKAGE_BUGREPORT ""
| #define PACKAGE_URL ""
| #define PACKAGE "libmodplug"
| #define VERSION "0.8.8.4"
| #define STDC_HEADERS 1
| #define HAVE_SYS_TYPES_H 1
| #define HAVE_SYS_STAT_H 1
| #define HAVE_STDLIB_H 1
| #define HAVE_STRING_H 1
| #define HAVE_MEMORY_H 1
| #define HAVE_STRINGS_H 1
| #define HAVE_INTTYPES_H 1
| #define HAVE_STDINT_H 1
| #define HAVE_UNISTD_H 1
| #define HAVE_DLFCN_H 1
| #define LT_OBJDIR ".libs/"
| #define STDC_HEADERS 1
| #define HAVE_INTTYPES_H 1
| #define HAVE_STDINT_H 1
| #define HAVE_SETENV 1
| #define HAVE_SINF 1
| /* end confdefs.h.  */
| #include <stdio.h>
| #ifdef HAVE_SYS_TYPES_H
| # include <sys/types.h>
| #endif
| #ifdef HAVE_SYS_STAT_H
| # include <sys/stat.h>
| #endif
| #ifdef STDC_HEADERS
| # include <stdlib.h>
| # include <stddef.h>
| #else
| # ifdef HAVE_STDLIB_H
| #  include <stdlib.h>
| # endif
| #endif
| #ifdef HAVE_STRING_H
| # if !defined STDC_HEADERS && defined HAVE_MEMORY_H
| #  include <memory.h>
| # endif
| # include <string.h>
| #endif
| #ifdef HAVE_STRINGS_H
| # include <strings.h>
| #endif
| #ifdef HAVE_INTTYPES_H
| # include <inttypes.h>
| #endif
| #ifdef HAVE_STDINT_H
| # include <stdint.h>
| #endif
| #ifdef HAVE_UNISTD_H
| # include <unistd.h>
| #endif
| 	        enum { N = 32 / 2 - 1 };
| int
| main ()
| {
| static int test_array [1 - 2 * !((int32_t) (((((int32_t) 1 << N) << N) - 1) * 2 + 1)
| 		 < (int32_t) (((((int32_t) 1 << N) << N) - 1) * 2 + 2))];
| test_array [0] = 0
| 
|   ;
|   return 0;
| }
configure:15584: result: yes
configure:15595: checking for uint32_t
configure:15595: g++ -c -g -O2 -fno-exceptions -Wall -ffast-math -D_REENTRANT  conftest.cpp >&5
configure:15595: $? = 0
configure:15595: result: yes
configure:15609: checking for int64_t
configure:15609: g++ -c -g -O2 -fno-exceptions -Wall -ffast-math -D_REENTRANT  conftest.cpp >&5
configure:15609: $? = 0
configure:15609: g++ -c -g -O2 -fno-exceptions -Wall -ffast-math -D_REENTRANT  conftest.cpp >&5
conftest.cpp: In function 'int main()':
conftest.cpp:66: error: size of array 'test_array' is negative
configure:15609: $? = 1
configure: failed program was:
| /* confdefs.h */
| #define PACKAGE_NAME ""
| #define PACKAGE_TARNAME ""
| #define PACKAGE_VERSION ""
| #define PACKAGE_STRING ""
| #define PACKAGE_BUGREPORT ""
| #define PACKAGE_URL ""
| #define PACKAGE "libmodplug"
| #define VERSION "0.8.8.4"
| #define STDC_HEADERS 1
| #define HAVE_SYS_TYPES_H 1
| #define HAVE_SYS_STAT_H 1
| #define HAVE_STDLIB_H 1
| #define HAVE_STRING_H 1
| #define HAVE_MEMORY_H 1
| #define HAVE_STRINGS_H 1
| #define HAVE_INTTYPES_H 1
| #define HAVE_STDINT_H 1
| #define HAVE_UNISTD_H 1
| #define HAVE_DLFCN_H 1
| #define LT_OBJDIR ".libs/"
| #define STDC_HEADERS 1
| #define HAVE_INTTYPES_H 1
| #define HAVE_STDINT_H 1
| #define HAVE_SETENV 1
| #define HAVE_SINF 1
| /* end confdefs.h.  */
| #include <stdio.h>
| #ifdef HAVE_SYS_TYPES_H
| # include <sys/types.h>
| #endif
| #ifdef HAVE_SYS_STAT_H
| # include <sys/stat.h>
| #endif
| #ifdef STDC_HEADERS
| # include <stdlib.h>
| # include <stddef.h>
| #else
| # ifdef HAVE_STDLIB_H
| #  include <stdlib.h>
| # endif
| #endif
| #ifdef HAVE_STRING_H
| # if !defined STDC_HEADERS && defined HAVE_MEMORY_H
| #  include <memory.h>
| # endif
| # include <string.h>
| #endif
| #ifdef HAVE_STRINGS_H
| # include <strings.h>
| #endif
| #ifdef HAVE_INTTYPES_H
| # include <inttypes.h>
| #endif
| #ifdef HAVE_STDINT_H
| # include <stdint.h>
| #endif
| #ifdef HAVE_UNISTD_H
| # include <unistd.h>
| #endif
| 	        enum { N = 64 / 2 - 1 };
| int
| main ()
| {
| static int test_array [1 - 2 * !((int64_t) (((((int64_t) 1 << N) << N) - 1) * 2 + 1)
| 		 < (int64_t) (((((int64_t) 1 << N) << N) - 1) * 2 + 2))];
| test_array [0] = 0
| 
|   ;
|   return 0;
| }
configure:15609: result: yes
configure:15620: checking for uint64_t
configure:15620: g++ -c -g -O2 -fno-exceptions -Wall -ffast-math -D_REENTRANT  conftest.cpp >&5
configure:15620: $? = 0
configure:15620: result: yes
configure:15776: creating ./config.status

## ---------------------- ##
## Running config.status. ##
## ---------------------- ##

This file was extended by config.status, which was
generated by GNU Autoconf 2.68.  Invocation command line was

  CONFIG_FILES    = 
  CONFIG_HEADERS  = 
  CONFIG_LINKS    = 
  CONFIG_COMMANDS = 
  $ ./config.status 

on alex-nichols-macbook-pro-2.local

config.status:1158: creating Makefile
config.status:1158: creating src/Makefile
config.status:1158: creating libmodplug.pc
config.status:1158: creating src/config.h
config.status:1339: src/config.h is unchanged
config.status:1387: executing depfiles commands
config.status:1387: executing libtool commands

## ---------------- ##
## Cache variables. ##
## ---------------- ##

ac_cv_build=x86_64-pc-none
ac_cv_c_bigendian=no
ac_cv_c_compiler_gnu=yes
ac_cv_c_int16_t=yes
ac_cv_c_int32_t=yes
ac_cv_c_int64_t=yes
ac_cv_c_int8_t=yes
ac_cv_c_uint16_t=yes
ac_cv_c_uint32_t=yes
ac_cv_c_uint64_t=yes
ac_cv_c_uint8_t=yes
ac_cv_cxx_compiler_gnu=yes
ac_cv_env_CCC_set=
ac_cv_env_CCC_value=
ac_cv_env_CC_set=
ac_cv_env_CC_value=
ac_cv_env_CFLAGS_set=
ac_cv_env_CFLAGS_value=
ac_cv_env_CPPFLAGS_set=
ac_cv_env_CPPFLAGS_value=
ac_cv_env_CXXCPP_set=
ac_cv_env_CXXCPP_value=
ac_cv_env_CXXFLAGS_set=
ac_cv_env_CXXFLAGS_value=
ac_cv_env_CXX_set=
ac_cv_env_CXX_value=
ac_cv_env_LDFLAGS_set=
ac_cv_env_LDFLAGS_value=
ac_cv_env_LIBS_set=
ac_cv_env_LIBS_value=
ac_cv_env_build_alias_set=set
ac_cv_env_build_alias_value=x86_64
ac_cv_env_host_alias_set=
ac_cv_env_host_alias_value=
ac_cv_env_target_alias_set=
ac_cv_env_target_alias_value=
ac_cv_func_setenv=yes
ac_cv_func_sinf=yes
ac_cv_header_dlfcn_h=yes
ac_cv_header_inttypes_h=yes
ac_cv_header_malloc_h=no
ac_cv_header_memory_h=yes
ac_cv_header_stdc=yes
ac_cv_header_stdint_h=yes
ac_cv_header_stdlib_h=yes
ac_cv_header_string_h=yes
ac_cv_header_strings_h=yes
ac_cv_header_sys_stat_h=yes
ac_cv_header_sys_types_h=yes
ac_cv_header_unistd_h=yes
ac_cv_host=x86_64-pc-none
ac_cv_objext=o
ac_cv_path_EGREP='/usr/bin/grep -E'
ac_cv_path_FGREP='/usr/bin/grep -F'
ac_cv_path_GREP=/usr/bin/grep
ac_cv_path_SED=/usr/bin/sed
ac_cv_path_install='/usr/bin/install -c'
ac_cv_prog_AWK=awk
ac_cv_prog_CXXCPP='g++ -E'
ac_cv_prog_ac_ct_AR=ar
ac_cv_prog_ac_ct_CC=gcc
ac_cv_prog_ac_ct_CXX=g++
ac_cv_prog_ac_ct_RANLIB=ranlib
ac_cv_prog_ac_ct_STRIP=strip
ac_cv_prog_cc_c89=
ac_cv_prog_cc_g=yes
ac_cv_prog_cxx_g=yes
ac_cv_prog_make_make_set=yes
am_cv_CC_dependencies_compiler_type=gcc3
am_cv_CXX_dependencies_compiler_type=gcc3
lt_cv_ar_at_file=no
lt_cv_deplibs_check_method=unknown
lt_cv_file_magic_cmd='$MAGIC_CMD'
lt_cv_file_magic_test_file=
lt_cv_ld_reload_flag=-r
lt_cv_nm_interface='BSD nm'
lt_cv_objdir=.libs
lt_cv_path_LD=/Applications/Xcode.app/Contents/Developer/usr/llvm-gcc-4.2/libexec/gcc/i686-apple-darwin11/4.2.1/ld
lt_cv_path_LDCXX=/Applications/Xcode.app/Contents/Developer/usr/llvm-gcc-4.2/libexec/gcc/i686-apple-darwin11/4.2.1/ld
lt_cv_path_NM=/Applications/Xcode.app/Contents/Developer/Toolchains/XcodeDefault.xctoolchain/usr/bin/nm
lt_cv_path_mainfest_tool=no
lt_cv_prog_compiler_c_o=yes
lt_cv_prog_compiler_c_o_CXX=yes
lt_cv_prog_compiler_pic='-fPIC -DPIC'
lt_cv_prog_compiler_pic_CXX='-fPIC -DPIC'
lt_cv_prog_compiler_pic_works=yes
lt_cv_prog_compiler_pic_works_CXX=yes
lt_cv_prog_compiler_rtti_exceptions=no
lt_cv_prog_compiler_static_works=no
lt_cv_prog_compiler_static_works_CXX=no
lt_cv_prog_gnu_ld=no
lt_cv_prog_gnu_ldcxx=no
lt_cv_sharedlib_from_linklib_cmd='printf %s\n'
lt_cv_sys_global_symbol_pipe='sed -n -e '\''s/^.*[	 ]\([BCDEGRST][BCDEGRST]*\)[	 ][	 ]*_\([_A-Za-z][_A-Za-z0-9]*\)$/\1 _\2 \2/p'\'' | sed '\''/ __gnu_lto/d'\'''
lt_cv_sys_global_symbol_to_c_name_address='sed -n -e '\''s/^: \([^ ]*\)[ ]*$/  {\"\1\", (void *) 0},/p'\'' -e '\''s/^[BCDEGRST]* \([^ ]*\) \([^ ]*\)$/  {"\2", (void *) \&\2},/p'\'''
lt_cv_sys_global_symbol_to_c_name_address_lib_prefix='sed -n -e '\''s/^: \([^ ]*\)[ ]*$/  {\"\1\", (void *) 0},/p'\'' -e '\''s/^[BCDEGRST]* \([^ ]*\) \(lib[^ ]*\)$/  {"\2", (void *) \&\2},/p'\'' -e '\''s/^[BCDEGRST]* \([^ ]*\) \([^ ]*\)$/  {"lib\2", (void *) \&\2},/p'\'''
lt_cv_sys_global_symbol_to_cdecl='sed -n -e '\''s/^T .* \(.*\)$/extern int \1();/p'\'' -e '\''s/^[BCDEGRST]* .* \(.*\)$/extern char \1;/p'\'''
lt_cv_sys_max_cmd_len=196608
lt_cv_to_host_file_cmd=func_convert_file_noop
lt_cv_to_tool_file_cmd=func_convert_file_noop

## ----------------- ##
## Output variables. ##
## ----------------- ##

ACLOCAL='${SHELL} /Users/alex/Desktop/AutoConvert/VideoConverter/libmodplug-0.8.8.4/missing --run aclocal-1.11'
AMDEPBACKSLASH='\'
AMDEP_FALSE='#'
AMDEP_TRUE=''
AMTAR='${SHELL} /Users/alex/Desktop/AutoConvert/VideoConverter/libmodplug-0.8.8.4/missing --run tar'
AM_BACKSLASH='\'
AM_DEFAULT_VERBOSITY='1'
AR='ar'
AUTOCONF='${SHELL} /Users/alex/Desktop/AutoConvert/VideoConverter/libmodplug-0.8.8.4/missing --run autoconf'
AUTOHEADER='${SHELL} /Users/alex/Desktop/AutoConvert/VideoConverter/libmodplug-0.8.8.4/missing --run autoheader'
AUTOMAKE='${SHELL} /Users/alex/Desktop/AutoConvert/VideoConverter/libmodplug-0.8.8.4/missing --run automake-1.11'
AWK='awk'
CC='gcc'
CCDEPMODE='depmode=gcc3'
CFLAGS='-g -O2'
CPPFLAGS=''
CXX='g++'
CXXCPP='g++ -E'
CXXDEPMODE='depmode=gcc3'
CXXFLAGS='-g -O2 -fno-exceptions -Wall -ffast-math -D_REENTRANT'
CYGPATH_W='echo'
DEFS='-DHAVE_CONFIG_H'
DEPDIR='.deps'
DLLTOOL='false'
DSYMUTIL=''
DUMPBIN=''
ECHO_C=''
ECHO_N='-n'
ECHO_T=''
EGREP='/usr/bin/grep -E'
EXEEXT=''
FGREP='/usr/bin/grep -F'
GREP='/usr/bin/grep'
INSTALL_DATA='${INSTALL} -m 644'
INSTALL_PROGRAM='${INSTALL}'
INSTALL_SCRIPT='${INSTALL}'
INSTALL_STRIP_PROGRAM='$(install_sh) -c -s'
LD='/Applications/Xcode.app/Contents/Developer/usr/llvm-gcc-4.2/libexec/gcc/i686-apple-darwin11/4.2.1/ld'
LDFLAGS=''
LIBOBJS=''
LIBS=''
LIBTOOL='$(SHELL) $(top_builddir)/libtool'
LIPO=''
LN_S='ln -s'
LTLIBOBJS=''
LT_LDFLAGS=''
MAKEINFO='${SHELL} /Users/alex/Desktop/AutoConvert/VideoConverter/libmodplug-0.8.8.4/missing --run makeinfo'
MANIFEST_TOOL=':'
MKDIR_P='./install-sh -c -d'
MODPLUG_LIBRARY_VERSION='1:0:0'
NM='/Applications/Xcode.app/Contents/Developer/Toolchains/XcodeDefault.xctoolchain/usr/bin/nm'
NMEDIT=''
OBJDUMP='false'
OBJEXT='o'
OTOOL64=''
OTOOL=''
PACKAGE='libmodplug'
PACKAGE_BUGREPORT=''
PACKAGE_NAME=''
PACKAGE_STRING=''
PACKAGE_TARNAME=''
PACKAGE_URL=''
PACKAGE_VERSION=''
PATH_SEPARATOR=':'
RANLIB='ranlib'
SED='/usr/bin/sed'
SET_MAKE=''
SHELL='/bin/sh'
STRIP='strip'
VERSION='0.8.8.4'
ac_ct_AR='ar'
ac_ct_CC='gcc'
ac_ct_CXX='g++'
ac_ct_DUMPBIN=''
am__EXEEXT_FALSE=''
am__EXEEXT_TRUE='#'
am__fastdepCC_FALSE='#'
am__fastdepCC_TRUE=''
am__fastdepCXX_FALSE='#'
am__fastdepCXX_TRUE=''
am__include='include'
am__isrc=''
am__leading_dot='.'
am__quote=''
am__tar='${AMTAR} chof - "$$tardir"'
am__untar='${AMTAR} xf -'
bindir='${exec_prefix}/bin'
build='x86_64-pc-none'
build_alias='x86_64'
build_cpu='x86_64'
build_os='none'
build_vendor='pc'
datadir='${datarootdir}'
datarootdir='${prefix}/share'
docdir='${datarootdir}/doc/${PACKAGE}'
dvidir='${docdir}'
exec_prefix='${prefix}'
host='x86_64-pc-none'
host_alias=''
host_cpu='x86_64'
host_os='none'
host_vendor='pc'
htmldir='${docdir}'
includedir='/Users/alex/Desktop/AutoConvert/VideoConverter/libmodplug-0.8.8.4/output'
infodir='${datarootdir}/info'
install_sh='${SHELL} /Users/alex/Desktop/AutoConvert/VideoConverter/libmodplug-0.8.8.4/install-sh'
libdir='/Users/alex/Desktop/AutoConvert/VideoConverter/libmodplug-0.8.8.4/output'
libexecdir='${exec_prefix}/libexec'
localedir='${datarootdir}/locale'
localstatedir='${prefix}/var'
mandir='${datarootdir}/man'
mkdir_p='$(top_builddir)/./install-sh -c -d'
oldincludedir='/usr/include'
pdfdir='${docdir}'
prefix='/usr/local'
program_transform_name='s,x,x,'
psdir='${docdir}'
sbindir='${exec_prefix}/sbin'
sharedstatedir='${prefix}/com'
sysconfdir='${prefix}/etc'
target_alias=''

## ----------- ##
## confdefs.h. ##
## ----------- ##

/* confdefs.h */
#define PACKAGE_NAME ""
#define PACKAGE_TARNAME ""
#define PACKAGE_VERSION ""
#define PACKAGE_STRING ""
#define PACKAGE_BUGREPORT ""
#define PACKAGE_URL ""
#define PACKAGE "libmodplug"
#define VERSION "0.8.8.4"
#define STDC_HEADERS 1
#define HAVE_SYS_TYPES_H 1
#define HAVE_SYS_STAT_H 1
#define HAVE_STDLIB_H 1
#define HAVE_STRING_H 1
#define HAVE_MEMORY_H 1
#define HAVE_STRINGS_H 1
#define HAVE_INTTYPES_H 1
#define HAVE_STDINT_H 1
#define HAVE_UNISTD_H 1
#define HAVE_DLFCN_H 1
#define LT_OBJDIR ".libs/"
#define STDC_HEADERS 1
#define HAVE_INTTYPES_H 1
#define HAVE_STDINT_H 1
#define HAVE_SETENV 1
#define HAVE_SINF 1

configure: exit 0
