This file contains any messages produced by compilers while
running configure, to aid debugging if configure makes a mistake.

It was created by libvorbis configure 1.3.3, which was
generated by GNU Autoconf 2.65.  Invocation command line was

  $ ./configure --with-ogg=/Users/alex/Desktop/AutoConvert/VideoConverter/libogg-1.3.0 --with-ogg-includes=/Users/alex/Desktop/AutoConvert/VideoConverter/libogg-1.3.0/lib --build=x86_64 --enable-static --libdir=/Users/alex/Desktop/AutoConvert/VideoConverter/vorbis/libs

## --------- ##
## Platform. ##
## --------- ##

hostname = alex-nichols-macbook-pro-2.local
uname -m = x86_64
uname -r = 11.3.0
uname -s = Darwin
uname -v = Darwin Kernel Version 11.3.0: Thu Jan 12 18:47:41 PST 2012; root:xnu-1699.24.23~1/RELEASE_X86_64

/usr/bin/uname -p = i386
/bin/uname -X     = unknown

/bin/arch              = unknown
/usr/bin/arch -k       = unknown
/usr/convex/getsysinfo = unknown
/usr/bin/hostinfo      = Mach kernel version:
	 Darwin Kernel Version 11.3.0: Thu Jan 12 18:47:41 PST 2012; root:xnu-1699.24.23~1/RELEASE_X86_64
Kernel configured for up to 2 processors.
2 processors are physically available.
2 processors are logically available.
Processor type: i486 (Intel 80486)
Processors active: 0 1
Primary memory available: 4.00 gigabytes
Default processor set: 104 tasks, 502 threads, 2 processors
Load average: 3.21, Mach factor: 0.86
/bin/machine           = unknown
/usr/bin/oslevel       = unknown
/bin/universe          = unknown

PATH: /Applications/Xcode.app/Contents/Developer/Toolchains/XcodeDefault.xctoolchain/usr/bin
PATH: /Applications/Xcode.app/Contents/Developer/Toolchains/XcodeDefault.xctoolchain/usr/local/bin
PATH: /Applications/Xcode.app/Contents/Developer/Platforms/MacOSX.platform/Developer/usr/bin
PATH: /Applications/Xcode.app/Contents/Developer/Platforms/MacOSX.platform/Developer/usr/local/bin
PATH: /Applications/Xcode.app/Contents/Developer/usr/bin
PATH: /Applications/Xcode.app/Contents/Developer/usr/local/bin
PATH: /Applications/Xcode.app/Contents/Developer/Tools
PATH: /usr/bin
PATH: /bin
PATH: /usr/sbin
PATH: /sbin


## ----------- ##
## Core tests. ##
## ----------- ##

configure:2395: checking build system type
configure:2409: result: x86_64-pc-none
configure:2429: checking host system type
configure:2442: result: x86_64-pc-none
configure:2462: checking target system type
configure:2475: result: x86_64-pc-none
configure:2518: checking for a BSD-compatible install
configure:2586: result: /usr/bin/install -c
configure:2597: checking whether build environment is sane
configure:2647: result: yes
configure:2788: checking for a thread-safe mkdir -p
configure:2827: result: ./install-sh -c -d
configure:2840: checking for gawk
configure:2870: result: no
configure:2840: checking for mawk
configure:2870: result: no
configure:2840: checking for nawk
configure:2870: result: no
configure:2840: checking for awk
configure:2856: found /usr/bin/awk
configure:2867: result: awk
configure:2878: checking whether make sets $(MAKE)
configure:2900: result: yes
configure:2981: checking whether to enable maintainer-specific portions of Makefiles
configure:2990: result: no
configure:3082: checking for gcc
configure:3098: found /Applications/Xcode.app/Contents/Developer/usr/bin/gcc
configure:3109: result: gcc
configure:3338: checking for C compiler version
configure:3347: gcc --version >&5
i686-apple-darwin11-llvm-gcc-4.2 (GCC) 4.2.1 (Based on Apple Inc. build 5658) (LLVM build 2336.9.00)
Copyright (C) 2007 Free Software Foundation, Inc.
This is free software; see the source for copying conditions.  There is NO
warranty; not even for MERCHANTABILITY or FITNESS FOR A PARTICULAR PURPOSE.

configure:3358: $? = 0
configure:3347: gcc -v >&5
Using built-in specs.
Target: i686-apple-darwin11
Configured with: /private/var/tmp/llvmgcc42/llvmgcc42-2336.9~22/src/configure --disable-checking --enable-werror --prefix=/Applications/Xcode.app/Contents/Developer/usr/llvm-gcc-4.2 --mandir=/share/man --enable-languages=c,objc,c++,obj-c++ --program-prefix=llvm- --program-transform-name=/^[cg][^.-]*$/s/$/-4.2/ --with-slibdir=/usr/lib --build=i686-apple-darwin11 --enable-llvm=/private/var/tmp/llvmgcc42/llvmgcc42-2336.9~22/dst-llvmCore/Developer/usr/local --program-prefix=i686-apple-darwin11- --host=x86_64-apple-darwin11 --target=i686-apple-darwin11 --with-gxx-include-dir=/usr/include/c++/4.2.1
Thread model: posix
gcc version 4.2.1 (Based on Apple Inc. build 5658) (LLVM build 2336.9.00)
configure:3358: $? = 0
configure:3347: gcc -V >&5
llvm-gcc-4.2: argument to `-V' is missing
configure:3358: $? = 1
configure:3347: gcc -qversion >&5
i686-apple-darwin11-llvm-gcc-4.2: no input files
configure:3358: $? = 1
configure:3378: checking whether the C compiler works
configure:3400: gcc    conftest.c  >&5
configure:3404: $? = 0
configure:3453: result: yes
configure:3456: checking for C compiler default output file name
configure:3458: result: a.out
configure:3464: checking for suffix of executables
configure:3471: gcc -o conftest    conftest.c  >&5
configure:3475: $? = 0
configure:3497: result: 
configure:3519: checking whether we are cross compiling
configure:3527: gcc -o conftest    conftest.c  >&5
configure:3531: $? = 0
configure:3538: ./conftest
configure:3542: $? = 0
configure:3557: result: no
configure:3562: checking for suffix of object files
configure:3584: gcc -c   conftest.c >&5
configure:3588: $? = 0
configure:3609: result: o
configure:3613: checking whether we are using the GNU C compiler
configure:3632: gcc -c   conftest.c >&5
configure:3632: $? = 0
configure:3641: result: yes
configure:3650: checking whether gcc accepts -g
configure:3670: gcc -c -g  conftest.c >&5
configure:3670: $? = 0
configure:3711: result: yes
configure:3728: checking for gcc option to accept ISO C89
configure:3792: gcc  -c -g -O2  conftest.c >&5
configure:3792: $? = 0
configure:3805: result: none needed
configure:3836: checking for style of include used by make
configure:3864: result: GNU
configure:3889: checking dependency style of gcc
configure:3999: result: gcc3
configure:4019: checking how to run the C preprocessor
configure:4050: gcc -E  conftest.c
configure:4050: $? = 0
configure:4064: gcc -E  conftest.c
conftest.c:11:28: error: ac_nonexistent.h: No such file or directory
configure:4064: $? = 1
configure: failed program was:
| /* confdefs.h */
| #define PACKAGE_NAME "libvorbis"
| #define PACKAGE_TARNAME "libvorbis"
| #define PACKAGE_VERSION "1.3.3"
| #define PACKAGE_STRING "libvorbis 1.3.3"
| #define PACKAGE_BUGREPORT "vorbis-dev@xiph.org"
| #define PACKAGE_URL ""
| #define PACKAGE "libvorbis"
| #define VERSION "1.3.3"
| /* end confdefs.h.  */
| #include <ac_nonexistent.h>
configure:4089: result: gcc -E
configure:4109: gcc -E  conftest.c
configure:4109: $? = 0
configure:4123: gcc -E  conftest.c
conftest.c:11:28: error: ac_nonexistent.h: No such file or directory
configure:4123: $? = 1
configure: failed program was:
| /* confdefs.h */
| #define PACKAGE_NAME "libvorbis"
| #define PACKAGE_TARNAME "libvorbis"
| #define PACKAGE_VERSION "1.3.3"
| #define PACKAGE_STRING "libvorbis 1.3.3"
| #define PACKAGE_BUGREPORT "vorbis-dev@xiph.org"
| #define PACKAGE_URL ""
| #define PACKAGE "libvorbis"
| #define VERSION "1.3.3"
| /* end confdefs.h.  */
| #include <ac_nonexistent.h>
configure:4154: checking for inline
configure:4170: gcc -c   conftest.c >&5
configure:4170: $? = 0
configure:4178: result: inline
configure:4525: checking for a sed that does not truncate output
configure:4589: result: /usr/bin/sed
configure:4607: checking for grep that handles long lines and -e
configure:4665: result: /usr/bin/grep
configure:4670: checking for egrep
configure:4732: result: /usr/bin/grep -E
configure:4737: checking for fgrep
configure:4799: result: /usr/bin/grep -F
configure:4834: checking for ld used by gcc
configure:4901: result: /Applications/Xcode.app/Contents/Developer/usr/llvm-gcc-4.2/libexec/gcc/i686-apple-darwin11/4.2.1/ld
configure:4908: checking if the linker (/Applications/Xcode.app/Contents/Developer/usr/llvm-gcc-4.2/libexec/gcc/i686-apple-darwin11/4.2.1/ld) is GNU ld
configure:4923: result: no
configure:4935: checking for BSD- or MS-compatible name lister (nm)
configure:4984: result: /Applications/Xcode.app/Contents/Developer/Toolchains/XcodeDefault.xctoolchain/usr/bin/nm
configure:5102: checking the name lister (/Applications/Xcode.app/Contents/Developer/Toolchains/XcodeDefault.xctoolchain/usr/bin/nm) interface
configure:5109: gcc -c   conftest.c >&5
configure:5112: /Applications/Xcode.app/Contents/Developer/Toolchains/XcodeDefault.xctoolchain/usr/bin/nm "conftest.o"
configure:5115: output
0000000000000000 S _some_variable
configure:5122: result: BSD nm
configure:5125: checking whether ln -s works
configure:5129: result: yes
configure:5137: checking the maximum length of command line arguments
configure:5257: result: 196608
configure:5274: checking whether the shell understands some XSI constructs
configure:5284: result: yes
configure:5288: checking whether the shell understands "+="
configure:5294: result: yes
configure:5329: checking for /Applications/Xcode.app/Contents/Developer/usr/llvm-gcc-4.2/libexec/gcc/i686-apple-darwin11/4.2.1/ld option to reload object files
configure:5336: result: -r
configure:5405: checking for objdump
configure:5432: result: objdump
configure:5461: checking how to recognize dependent libraries
configure:5657: result: unknown
configure:5717: checking for ar
configure:5733: found /Applications/Xcode.app/Contents/Developer/Toolchains/XcodeDefault.xctoolchain/usr/bin/ar
configure:5744: result: ar
configure:5822: checking for strip
configure:5838: found /Applications/Xcode.app/Contents/Developer/Toolchains/XcodeDefault.xctoolchain/usr/bin/strip
configure:5849: result: strip
configure:5921: checking for ranlib
configure:5937: found /Applications/Xcode.app/Contents/Developer/Toolchains/XcodeDefault.xctoolchain/usr/bin/ranlib
configure:5948: result: ranlib
configure:6038: checking command to parse /Applications/Xcode.app/Contents/Developer/Toolchains/XcodeDefault.xctoolchain/usr/bin/nm output from gcc object
configure:6156: gcc -c   conftest.c >&5
configure:6159: $? = 0
configure:6163: /Applications/Xcode.app/Contents/Developer/Toolchains/XcodeDefault.xctoolchain/usr/bin/nm conftest.o \| sed -n -e 's/^.*[	 ]\([BCDEGRST][BCDEGRST]*\)[	 ][	 ]*\([_A-Za-z][_A-Za-z0-9]*\)$/\1 \2 \2/p' \> conftest.nm
configure:6166: $? = 0
cannot find nm_test_var in conftest.nm
configure:6156: gcc -c   conftest.c >&5
configure:6159: $? = 0
configure:6163: /Applications/Xcode.app/Contents/Developer/Toolchains/XcodeDefault.xctoolchain/usr/bin/nm conftest.o \| sed -n -e 's/^.*[	 ]\([BCDEGRST][BCDEGRST]*\)[	 ][	 ]*_\([_A-Za-z][_A-Za-z0-9]*\)$/\1 _\2 \2/p' \> conftest.nm
configure:6166: $? = 0
configure:6220: gcc -o conftest    conftest.c conftstm.o >&5
configure:6223: $? = 0
configure:6261: result: ok
configure:7065: checking for ANSI C header files
configure:7085: gcc -c   conftest.c >&5
configure:7085: $? = 0
configure:7158: gcc -o conftest    conftest.c  >&5
configure:7158: $? = 0
configure:7158: ./conftest
configure:7158: $? = 0
configure:7169: result: yes
configure:7182: checking for sys/types.h
configure:7182: gcc -c   conftest.c >&5
configure:7182: $? = 0
configure:7182: result: yes
configure:7182: checking for sys/stat.h
configure:7182: gcc -c   conftest.c >&5
configure:7182: $? = 0
configure:7182: result: yes
configure:7182: checking for stdlib.h
configure:7182: gcc -c   conftest.c >&5
configure:7182: $? = 0
configure:7182: result: yes
configure:7182: checking for string.h
configure:7182: gcc -c   conftest.c >&5
configure:7182: $? = 0
configure:7182: result: yes
configure:7182: checking for memory.h
configure:7182: gcc -c   conftest.c >&5
configure:7182: $? = 0
configure:7182: result: yes
configure:7182: checking for strings.h
configure:7182: gcc -c   conftest.c >&5
configure:7182: $? = 0
configure:7182: result: yes
configure:7182: checking for inttypes.h
configure:7182: gcc -c   conftest.c >&5
configure:7182: $? = 0
configure:7182: result: yes
configure:7182: checking for stdint.h
configure:7182: gcc -c   conftest.c >&5
configure:7182: $? = 0
configure:7182: result: yes
configure:7182: checking for unistd.h
configure:7182: gcc -c   conftest.c >&5
configure:7182: $? = 0
configure:7182: result: yes
configure:7197: checking for dlfcn.h
configure:7197: gcc -c   conftest.c >&5
configure:7197: $? = 0
configure:7197: result: yes
configure:7379: checking for objdir
configure:7394: result: .libs
configure:7686: checking if gcc supports -fno-rtti -fno-exceptions
configure:7704: gcc -c   -fno-rtti -fno-exceptions conftest.c >&5
cc1: warning: command line option "-fno-rtti" is valid for C++/ObjC++ but not for C
configure:7708: $? = 0
configure:7721: result: no
configure:7741: checking for gcc option to produce PIC
configure:8013: result: -fPIC -DPIC
configure:8025: checking if gcc PIC flag -fPIC -DPIC works
configure:8043: gcc -c   -fPIC -DPIC -DPIC conftest.c >&5
configure:8047: $? = 0
configure:8060: result: yes
configure:8084: checking if gcc static flag -static works
configure:8112: result: no
configure:8127: checking if gcc supports -c -o file.o
configure:8148: gcc -c   -o out/conftest2.o conftest.c >&5
configure:8152: $? = 0
configure:8174: result: yes
configure:8182: checking if gcc supports -c -o file.o
configure:8229: result: yes
configure:8262: checking whether the gcc linker (/Applications/Xcode.app/Contents/Developer/usr/llvm-gcc-4.2/libexec/gcc/i686-apple-darwin11/4.2.1/ld) supports shared libraries
configure:9248: result: no
configure:9487: checking dynamic linker characteristics
configure:10138: result: no
configure:10240: checking how to hardcode library paths into programs
configure:10265: result: unsupported
configure:10785: checking whether stripping libraries is possible
configure:10807: result: no
configure:10825: checking if libtool supports shared libraries
configure:10827: result: no
configure:10830: checking whether to build shared libraries
configure:10851: result: no
configure:10854: checking whether to build static libraries
configure:10858: result: yes
configure:10894: checking whether gcc and cc understand -c and -o together
configure:10925: gcc -c conftest.c -o conftest2.o >&5
configure:10929: $? = 0
configure:10935: gcc -c conftest.c -o conftest2.o >&5
configure:10939: $? = 0
configure:10950: cc -c conftest.c >&5
configure:10954: $? = 0
configure:10962: cc -c conftest.c -o conftest2.o >&5
configure:10966: $? = 0
configure:10972: cc -c conftest.c -o conftest2.o >&5
configure:10976: $? = 0
configure:10994: result: yes
configure:11222: checking GCC version
configure:11225: result: 4.2.1
configure:11366: checking if gcc accepts -Wdeclaration-after-statement
configure:11381: gcc -o conftest -O20 -Wall -Wextra -D__NO_MATH_INLINES -fsigned-char -Wdeclaration-after-statement   conftest.c  >&5
configure:11381: $? = 0
configure:11382: result: yes
configure:11396: checking for memory.h
configure:11396: result: yes
configure:11408: checking for cos in -lm
configure:11433: gcc -o conftest -O20 -Wall -Wextra -D__NO_MATH_INLINES -fsigned-char -Wdeclaration-after-statement  -DUSE_MEMORY_H   conftest.c -lm   >&5
conftest.c:30: warning: conflicting types for built-in function 'cos'
configure:11433: $? = 0
configure:11442: result: yes
configure:11450: checking for pthread_create in -lpthread
configure:11475: gcc -o conftest -O20 -Wall -Wextra -D__NO_MATH_INLINES -fsigned-char -Wdeclaration-after-statement  -DUSE_MEMORY_H   conftest.c -lpthread   >&5
configure:11475: $? = 0
configure:11484: result: yes
configure:11542: checking for pkg-config
configure:11560: found /usr/bin/pkg-config
configure:11572: result: /usr/bin/pkg-config
configure:11597: checking pkg-config is at least version 0.9.0
configure:11600: result: yes
configure:11615: checking for OGG
configure:11623: $PKG_CONFIG --exists --print-errors "ogg >= 1.0"
Package ogg was not found in the pkg-config search path.
Perhaps you should add the directory containing `ogg.pc'
to the PKG_CONFIG_PATH environment variable
No package 'ogg' found
configure:11626: $? = 1
configure:11641: $PKG_CONFIG --exists --print-errors "ogg >= 1.0"
Package ogg was not found in the pkg-config search path.
Perhaps you should add the directory containing `ogg.pc'
to the PKG_CONFIG_PATH environment variable
No package 'ogg' found
configure:11644: $? = 1
No package 'ogg' found
configure:11672: result: no
configure:11743: checking for Ogg
configure:11778: gcc -o conftest -O20 -Wall -Wextra -D__NO_MATH_INLINES -fsigned-char -Wdeclaration-after-statement  -DUSE_MEMORY_H -I/Users/alex/Desktop/AutoConvert/VideoConverter/libogg-1.3.0/lib   conftest.c  -L/Users/alex/Desktop/AutoConvert/VideoConverter/libogg-1.3.0/lib -logg >&5
configure:11778: $? = 0
configure:11778: ./conftest
configure:11778: $? = 0
configure:11796: result: yes
configure:11852: checking for oggpack_writealign
configure:11852: gcc -o conftest -O20 -Wall -Wextra -D__NO_MATH_INLINES -fsigned-char -Wdeclaration-after-statement  -DUSE_MEMORY_H   conftest.c -L/Users/alex/Desktop/AutoConvert/VideoConverter/libogg-1.3.0/lib -logg -lm >&5
configure:11852: $? = 0
configure:11852: result: yes
configure:11865: checking for working alloca.h
configure:11882: gcc -o conftest -O20 -Wall -Wextra -D__NO_MATH_INLINES -fsigned-char -Wdeclaration-after-statement  -DUSE_MEMORY_H   conftest.c  >&5
configure:11882: $? = 0
configure:11890: result: yes
configure:11898: checking for alloca
configure:11935: gcc -o conftest -O20 -Wall -Wextra -D__NO_MATH_INLINES -fsigned-char -Wdeclaration-after-statement  -DUSE_MEMORY_H   conftest.c  >&5
configure:11935: $? = 0
configure:11943: result: yes
configure:12053: checking for working memcmp
configure:12096: gcc -o conftest -O20 -Wall -Wextra -D__NO_MATH_INLINES -fsigned-char -Wdeclaration-after-statement  -DUSE_MEMORY_H   conftest.c  >&5
configure:12096: $? = 0
configure:12096: ./conftest
configure:12096: $? = 0
configure:12106: result: yes
configure:12260: creating ./config.status

## ---------------------- ##
## Running config.status. ##
## ---------------------- ##

This file was extended by libvorbis config.status 1.3.3, which was
generated by GNU Autoconf 2.65.  Invocation command line was

  CONFIG_FILES    = 
  CONFIG_HEADERS  = 
  CONFIG_LINKS    = 
  CONFIG_COMMANDS = 
  $ ./config.status 

on alex-nichols-macbook-pro-2.local

config.status:1124: creating Makefile
config.status:1124: creating m4/Makefile
config.status:1124: creating lib/Makefile
config.status:1124: creating lib/modes/Makefile
config.status:1124: creating lib/books/Makefile
config.status:1124: creating lib/books/coupled/Makefile
config.status:1124: creating lib/books/uncoupled/Makefile
config.status:1124: creating lib/books/floor/Makefile
config.status:1124: creating doc/Makefile
config.status:1124: creating doc/vorbisfile/Makefile
config.status:1124: creating doc/vorbisenc/Makefile
config.status:1124: creating doc/libvorbis/Makefile
config.status:1124: creating doc/Doxyfile
config.status:1124: creating include/Makefile
config.status:1124: creating include/vorbis/Makefile
config.status:1124: creating examples/Makefile
config.status:1124: creating test/Makefile
config.status:1124: creating vq/Makefile
config.status:1124: creating libvorbis.spec
config.status:1124: creating vorbis.pc
config.status:1124: creating vorbisenc.pc
config.status:1124: creating vorbisfile.pc
config.status:1124: creating vorbis-uninstalled.pc
config.status:1124: creating vorbisenc-uninstalled.pc
config.status:1124: creating vorbisfile-uninstalled.pc
config.status:1124: creating config.h
config.status:1296: config.h is unchanged
config.status:1344: executing depfiles commands
config.status:1344: executing libtool commands

## ---------------- ##
## Cache variables. ##
## ---------------- ##

ac_cv_build=x86_64-pc-none
ac_cv_c_compiler_gnu=yes
ac_cv_c_inline=inline
ac_cv_env_CC_set=
ac_cv_env_CC_value=
ac_cv_env_CFLAGS_set=
ac_cv_env_CFLAGS_value=
ac_cv_env_CPPFLAGS_set=
ac_cv_env_CPPFLAGS_value=
ac_cv_env_CPP_set=
ac_cv_env_CPP_value=
ac_cv_env_LDFLAGS_set=
ac_cv_env_LDFLAGS_value=
ac_cv_env_LIBS_set=
ac_cv_env_LIBS_value=
ac_cv_env_OGG_CFLAGS_set=
ac_cv_env_OGG_CFLAGS_value=
ac_cv_env_OGG_LIBS_set=
ac_cv_env_OGG_LIBS_value=
ac_cv_env_PKG_CONFIG_set=
ac_cv_env_PKG_CONFIG_value=
ac_cv_env_build_alias_set=set
ac_cv_env_build_alias_value=x86_64
ac_cv_env_host_alias_set=
ac_cv_env_host_alias_value=
ac_cv_env_target_alias_set=
ac_cv_env_target_alias_value=
ac_cv_func_alloca_works=yes
ac_cv_func_memcmp_working=yes
ac_cv_func_oggpack_writealign=yes
ac_cv_header_dlfcn_h=yes
ac_cv_header_inttypes_h=yes
ac_cv_header_memory_h=yes
ac_cv_header_stdc=yes
ac_cv_header_stdint_h=yes
ac_cv_header_stdlib_h=yes
ac_cv_header_string_h=yes
ac_cv_header_strings_h=yes
ac_cv_header_sys_stat_h=yes
ac_cv_header_sys_types_h=yes
ac_cv_header_unistd_h=yes
ac_cv_host=x86_64-pc-none
ac_cv_lib_m_cos=yes
ac_cv_lib_pthread_pthread_create=yes
ac_cv_objext=o
ac_cv_path_EGREP='/usr/bin/grep -E'
ac_cv_path_FGREP='/usr/bin/grep -F'
ac_cv_path_GREP=/usr/bin/grep
ac_cv_path_SED=/usr/bin/sed
ac_cv_path_ac_pt_PKG_CONFIG=/usr/bin/pkg-config
ac_cv_path_install='/usr/bin/install -c'
ac_cv_prog_AWK=awk
ac_cv_prog_CPP='gcc -E'
ac_cv_prog_ac_ct_AR=ar
ac_cv_prog_ac_ct_CC=gcc
ac_cv_prog_ac_ct_OBJDUMP=objdump
ac_cv_prog_ac_ct_RANLIB=ranlib
ac_cv_prog_ac_ct_STRIP=strip
ac_cv_prog_cc_c89=
ac_cv_prog_cc_g=yes
ac_cv_prog_cc_gcc_c_o=yes
ac_cv_prog_make_make_set=yes
ac_cv_target=x86_64-pc-none
ac_cv_working_alloca_h=yes
am_cv_CC_dependencies_compiler_type=gcc3
lt_cv_deplibs_check_method=unknown
lt_cv_file_magic_cmd='$MAGIC_CMD'
lt_cv_file_magic_test_file=
lt_cv_ld_reload_flag=-r
lt_cv_nm_interface='BSD nm'
lt_cv_objdir=.libs
lt_cv_path_LD=/Applications/Xcode.app/Contents/Developer/usr/llvm-gcc-4.2/libexec/gcc/i686-apple-darwin11/4.2.1/ld
lt_cv_path_NM=/Applications/Xcode.app/Contents/Developer/Toolchains/XcodeDefault.xctoolchain/usr/bin/nm
lt_cv_prog_compiler_c_o=yes
lt_cv_prog_compiler_pic_works=yes
lt_cv_prog_compiler_rtti_exceptions=no
lt_cv_prog_compiler_static_works=no
lt_cv_prog_gnu_ld=no
lt_cv_sys_global_symbol_pipe='sed -n -e '\''s/^.*[	 ]\([BCDEGRST][BCDEGRST]*\)[	 ][	 ]*_\([_A-Za-z][_A-Za-z0-9]*\)$/\1 _\2 \2/p'\'''
lt_cv_sys_global_symbol_to_c_name_address='sed -n -e '\''s/^: \([^ ]*\) $/  {\"\1\", (void *) 0},/p'\'' -e '\''s/^[BCDEGRST]* \([^ ]*\) \([^ ]*\)$/  {"\2", (void *) \&\2},/p'\'''
lt_cv_sys_global_symbol_to_c_name_address_lib_prefix='sed -n -e '\''s/^: \([^ ]*\) $/  {\"\1\", (void *) 0},/p'\'' -e '\''s/^[BCDEGRST]* \([^ ]*\) \(lib[^ ]*\)$/  {"\2", (void *) \&\2},/p'\'' -e '\''s/^[BCDEGRST]* \([^ ]*\) \([^ ]*\)$/  {"lib\2", (void *) \&\2},/p'\'''
lt_cv_sys_global_symbol_to_cdecl='sed -n -e '\''s/^T .* \(.*\)$/extern int \1();/p'\'' -e '\''s/^[BCDEGRST]* .* \(.*\)$/extern char \1;/p'\'''
lt_cv_sys_max_cmd_len=196608

## ----------------- ##
## Output variables. ##
## ----------------- ##

ACLOCAL='${SHELL} /Users/alex/Desktop/AutoConvert/VideoConverter/vorbis/missing --run aclocal-1.11'
ACLOCAL_AMFLAGS='-I m4'
ALLOCA=''
AMDEPBACKSLASH='\'
AMDEP_FALSE='#'
AMDEP_TRUE=''
AMTAR='${SHELL} /Users/alex/Desktop/AutoConvert/VideoConverter/vorbis/missing --run tar'
AR='ar'
AS='as'
AUTOCONF='${SHELL} /Users/alex/Desktop/AutoConvert/VideoConverter/vorbis/missing --run autoconf'
AUTOHEADER='${SHELL} /Users/alex/Desktop/AutoConvert/VideoConverter/vorbis/missing --run autoheader'
AUTOMAKE='${SHELL} /Users/alex/Desktop/AutoConvert/VideoConverter/vorbis/missing --run automake-1.11'
AWK='awk'
BUILD_DOCS_FALSE=''
BUILD_DOCS_TRUE='#'
BUILD_EXAMPLES_FALSE=''
BUILD_EXAMPLES_TRUE='#'
CC='gcc'
CCDEPMODE='depmode=gcc3'
CFLAGS='-O20 -Wall -Wextra -D__NO_MATH_INLINES -fsigned-char -Wdeclaration-after-statement  -DUSE_MEMORY_H'
CPP='gcc -E'
CPPFLAGS=''
CYGPATH_W='echo'
DEBUG='-g -Wall -Wextra -D__NO_MATH_INLINES -fsigned-char'
DEFS='-DHAVE_CONFIG_H'
DEPDIR='.deps'
DLLTOOL='dlltool'
DSYMUTIL=''
DUMPBIN=''
ECHO_C=''
ECHO_N='-n'
ECHO_T=''
EGREP='/usr/bin/grep -E'
EXEEXT=''
FGREP='/usr/bin/grep -F'
GREP='/usr/bin/grep'
HAVE_DOXYGEN='false'
HAVE_DOXYGEN_FALSE=''
HAVE_DOXYGEN_TRUE='#'
HTLATEX=''
INSTALL_DATA='${INSTALL} -m 644'
INSTALL_PROGRAM='${INSTALL}'
INSTALL_SCRIPT='${INSTALL}'
INSTALL_STRIP_PROGRAM='$(install_sh) -c -s'
LD='/Applications/Xcode.app/Contents/Developer/usr/llvm-gcc-4.2/libexec/gcc/i686-apple-darwin11/4.2.1/ld'
LDFLAGS=''
LIBOBJS=''
LIBS=''
LIBTOOL='$(SHELL) $(top_builddir)/libtool'
LIBTOOL_DEPS='./ltmain.sh'
LIPO=''
LN_S='ln -s'
LTLIBOBJS=''
MAINT='#'
MAINTAINER_MODE_FALSE=''
MAINTAINER_MODE_TRUE='#'
MAKEINFO='${SHELL} /Users/alex/Desktop/AutoConvert/VideoConverter/vorbis/missing --run makeinfo'
MKDIR_P='./install-sh -c -d'
NM='/Applications/Xcode.app/Contents/Developer/Toolchains/XcodeDefault.xctoolchain/usr/bin/nm'
NMEDIT=''
OBJDUMP='objdump'
OBJEXT='o'
OGG_CFLAGS='-I/Users/alex/Desktop/AutoConvert/VideoConverter/libogg-1.3.0/lib'
OGG_LIBS='-L/Users/alex/Desktop/AutoConvert/VideoConverter/libogg-1.3.0/lib -logg'
OTOOL64=''
OTOOL=''
PACKAGE='libvorbis'
PACKAGE_BUGREPORT='vorbis-dev@xiph.org'
PACKAGE_NAME='libvorbis'
PACKAGE_STRING='libvorbis 1.3.3'
PACKAGE_TARNAME='libvorbis'
PACKAGE_URL=''
PACKAGE_VERSION='1.3.3'
PATH_SEPARATOR=':'
PDFLATEX=''
PKG_CONFIG='/usr/bin/pkg-config'
PROFILE='-O20 -g -pg -D__NO_MATH_INLINES -fsigned-char'
RANLIB='ranlib'
SED='/usr/bin/sed'
SET_MAKE=''
SHELL='/bin/sh'
STRIP='strip'
VERSION='1.3.3'
VE_LIB_AGE='0'
VE_LIB_CURRENT='2'
VE_LIB_REVISION='9'
VF_LIB_AGE='3'
VF_LIB_CURRENT='6'
VF_LIB_REVISION='5'
VORBIS_LIBS='-lm'
V_LIB_AGE='4'
V_LIB_CURRENT='4'
V_LIB_REVISION='6'
ac_ct_CC='gcc'
ac_ct_DUMPBIN=''
am__EXEEXT_FALSE=''
am__EXEEXT_TRUE='#'
am__fastdepCC_FALSE='#'
am__fastdepCC_TRUE=''
am__include='include'
am__isrc=''
am__leading_dot='.'
am__quote=''
am__tar='${AMTAR} chof - "$$tardir"'
am__untar='${AMTAR} xf -'
bindir='${exec_prefix}/bin'
build='x86_64-pc-none'
build_alias='x86_64'
build_cpu='x86_64'
build_os='none'
build_vendor='pc'
datadir='${datarootdir}'
datarootdir='${prefix}/share'
docdir='${datarootdir}/doc/${PACKAGE_TARNAME}'
dvidir='${docdir}'
exec_prefix='${prefix}'
host='x86_64-pc-none'
host_alias=''
host_cpu='x86_64'
host_os='none'
host_vendor='pc'
htmldir='${docdir}'
includedir='${prefix}/include'
infodir='${datarootdir}/info'
install_sh='${SHELL} /Users/alex/Desktop/AutoConvert/VideoConverter/vorbis/install-sh'
libdir='/Users/alex/Desktop/AutoConvert/VideoConverter/vorbis/libs'
libexecdir='${exec_prefix}/libexec'
localedir='${datarootdir}/locale'
localstatedir='${prefix}/var'
lt_ECHO='echo'
mandir='${datarootdir}/man'
mkdir_p='$(top_builddir)/./install-sh -c -d'
oldincludedir='/usr/include'
pdfdir='${docdir}'
prefix='/usr/local'
program_transform_name='s,x,x,'
psdir='${docdir}'
pthread_lib='-lpthread'
sbindir='${exec_prefix}/sbin'
sharedstatedir='${prefix}/com'
sysconfdir='${prefix}/etc'
target='x86_64-pc-none'
target_alias=''
target_cpu='x86_64'
target_os='none'
target_vendor='pc'

## ----------- ##
## confdefs.h. ##
## ----------- ##

/* confdefs.h */
#define PACKAGE_NAME "libvorbis"
#define PACKAGE_TARNAME "libvorbis"
#define PACKAGE_VERSION "1.3.3"
#define PACKAGE_STRING "libvorbis 1.3.3"
#define PACKAGE_BUGREPORT "vorbis-dev@xiph.org"
#define PACKAGE_URL ""
#define PACKAGE "libvorbis"
#define VERSION "1.3.3"
#define STDC_HEADERS 1
#define HAVE_SYS_TYPES_H 1
#define HAVE_SYS_STAT_H 1
#define HAVE_STDLIB_H 1
#define HAVE_STRING_H 1
#define HAVE_MEMORY_H 1
#define HAVE_STRINGS_H 1
#define HAVE_INTTYPES_H 1
#define HAVE_STDINT_H 1
#define HAVE_UNISTD_H 1
#define HAVE_DLFCN_H 1
#define LT_OBJDIR ".libs/"
#define HAVE_ALLOCA_H 1
#define HAVE_ALLOCA 1

configure: exit 0
