This file contains any messages produced by compilers while
running configure, to aid debugging if configure makes a mistake.

It was created by libtheora configure 1.1.1, which was
generated by GNU Autoconf 2.63.  Invocation command line was

  $ ./configure --enable-static --with-vorbis-includes=/Users/alex/Desktop/AutoConvert/VideoConverter/vorbis/include --with-vorbis-libraries=/Users/alex/Desktop/AutoConvert/VideoConverter/vorbis/libs --with-ogg-includes=/Users/alex/Desktop/AutoConvert/VideoConverter/libogg-1.3.0/lib --with-ogg-libraries=/Users/alex/Desktop/AutoConvert/VideoConverter/libogg-1.3.0/lib --libdir=/Users/alex/Desktop/AutoConvert/VideoConverter/libtheora-1.1.1/output --includedir=/Users/alex/Desktop/AutoConvert/VideoConverter/libtheora-1.1.1/output --build=x86_64

## --------- ##
## Platform. ##
## --------- ##

hostname = alex-nichols-macbook-pro-2.local
uname -m = x86_64
uname -r = 11.3.0
uname -s = Darwin
uname -v = Darwin Kernel Version 11.3.0: Thu Jan 12 18:47:41 PST 2012; root:xnu-1699.24.23~1/RELEASE_X86_64

/usr/bin/uname -p = i386
/bin/uname -X     = unknown

/bin/arch              = unknown
/usr/bin/arch -k       = unknown
/usr/convex/getsysinfo = unknown
/usr/bin/hostinfo      = Mach kernel version:
	 Darwin Kernel Version 11.3.0: Thu Jan 12 18:47:41 PST 2012; root:xnu-1699.24.23~1/RELEASE_X86_64
Kernel configured for up to 2 processors.
2 processors are physically available.
2 processors are logically available.
Processor type: i486 (Intel 80486)
Processors active: 0 1
Primary memory available: 4.00 gigabytes
Default processor set: 114 tasks, 484 threads, 2 processors
Load average: 1.23, Mach factor: 1.02
/bin/machine           = unknown
/usr/bin/oslevel       = unknown
/bin/universe          = unknown

PATH: /Applications/Xcode.app/Contents/Developer/Toolchains/XcodeDefault.xctoolchain/usr/bin
PATH: /Applications/Xcode.app/Contents/Developer/Toolchains/XcodeDefault.xctoolchain/usr/local/bin
PATH: /Applications/Xcode.app/Contents/Developer/Platforms/MacOSX.platform/Developer/usr/bin
PATH: /Applications/Xcode.app/Contents/Developer/Platforms/MacOSX.platform/Developer/usr/local/bin
PATH: /Applications/Xcode.app/Contents/Developer/usr/bin
PATH: /Applications/Xcode.app/Contents/Developer/usr/local/bin
PATH: /Applications/Xcode.app/Contents/Developer/Tools
PATH: /usr/bin
PATH: /bin
PATH: /usr/sbin
PATH: /sbin


## ----------- ##
## Core tests. ##
## ----------- ##

configure:2173: checking build system type
configure:2191: result: x86_64-pc-none
configure:2213: checking host system type
configure:2228: result: x86_64-pc-none
configure:2250: checking target system type
configure:2265: result: x86_64-pc-none
configure:2316: checking for a BSD-compatible install
configure:2384: result: /usr/bin/install -c
configure:2395: checking whether build environment is sane
configure:2438: result: yes
configure:2468: checking for gawk
configure:2498: result: no
configure:2468: checking for mawk
configure:2498: result: no
configure:2468: checking for nawk
configure:2498: result: no
configure:2468: checking for awk
configure:2484: found /usr/bin/awk
configure:2495: result: awk
configure:2506: checking whether make sets $(MAKE)
configure:2528: result: yes
configure:2685: checking whether to enable maintainer-specific portions of Makefiles
configure:2694: result: no
configure:2784: checking for gcc
configure:2800: found /Applications/Xcode.app/Contents/Developer/usr/bin/gcc
configure:2811: result: gcc
configure:3043: checking for C compiler version
configure:3051: gcc --version >&5
i686-apple-darwin11-llvm-gcc-4.2 (GCC) 4.2.1 (Based on Apple Inc. build 5658) (LLVM build 2336.9.00)
Copyright (C) 2007 Free Software Foundation, Inc.
This is free software; see the source for copying conditions.  There is NO
warranty; not even for MERCHANTABILITY or FITNESS FOR A PARTICULAR PURPOSE.

configure:3055: $? = 0
configure:3062: gcc -v >&5
Using built-in specs.
Target: i686-apple-darwin11
Configured with: /private/var/tmp/llvmgcc42/llvmgcc42-2336.9~22/src/configure --disable-checking --enable-werror --prefix=/Applications/Xcode.app/Contents/Developer/usr/llvm-gcc-4.2 --mandir=/share/man --enable-languages=c,objc,c++,obj-c++ --program-prefix=llvm- --program-transform-name=/^[cg][^.-]*$/s/$/-4.2/ --with-slibdir=/usr/lib --build=i686-apple-darwin11 --enable-llvm=/private/var/tmp/llvmgcc42/llvmgcc42-2336.9~22/dst-llvmCore/Developer/usr/local --program-prefix=i686-apple-darwin11- --host=x86_64-apple-darwin11 --target=i686-apple-darwin11 --with-gxx-include-dir=/usr/include/c++/4.2.1
Thread model: posix
gcc version 4.2.1 (Based on Apple Inc. build 5658) (LLVM build 2336.9.00)
configure:3066: $? = 0
configure:3073: gcc -V >&5
llvm-gcc-4.2: argument to `-V' is missing
configure:3077: $? = 1
configure:3100: checking for C compiler default output file name
configure:3122: gcc    conftest.c  >&5
configure:3126: $? = 0
configure:3164: result: a.out
configure:3183: checking whether the C compiler works
configure:3193: ./a.out
configure:3197: $? = 0
configure:3216: result: yes
configure:3223: checking whether we are cross compiling
configure:3225: result: no
configure:3228: checking for suffix of executables
configure:3235: gcc -o conftest    conftest.c  >&5
configure:3239: $? = 0
configure:3265: result: 
configure:3271: checking for suffix of object files
configure:3297: gcc -c   conftest.c >&5
configure:3301: $? = 0
configure:3326: result: o
configure:3330: checking whether we are using the GNU C compiler
configure:3359: gcc -c   conftest.c >&5
configure:3366: $? = 0
configure:3383: result: yes
configure:3392: checking whether gcc accepts -g
configure:3422: gcc -c -g  conftest.c >&5
configure:3429: $? = 0
configure:3530: result: yes
configure:3547: checking for gcc option to accept ISO C89
configure:3621: gcc  -c -g -O2  conftest.c >&5
configure:3628: $? = 0
configure:3651: result: none needed
configure:3688: checking for style of include used by make
configure:3716: result: GNU
configure:3744: checking dependency style of gcc
configure:3806: result: gcc3
configure:3816: checking how to run the C preprocessor
configure:3856: gcc -E  conftest.c
configure:3863: $? = 0
configure:3894: gcc -E  conftest.c
conftest.c:10:28: error: ac_nonexistent.h: No such file or directory
configure:3901: $? = 1
configure: failed program was:
| /* confdefs.h.  */
| #define PACKAGE_NAME "libtheora"
| #define PACKAGE_TARNAME "libtheora"
| #define PACKAGE_VERSION "1.1.1"
| #define PACKAGE_STRING "libtheora 1.1.1"
| #define PACKAGE_BUGREPORT ""
| #define PACKAGE "libtheora"
| #define VERSION "1.1.1"
| /* end confdefs.h.  */
| #include <ac_nonexistent.h>
configure:3934: result: gcc -E
configure:3963: gcc -E  conftest.c
configure:3970: $? = 0
configure:4001: gcc -E  conftest.c
conftest.c:10:28: error: ac_nonexistent.h: No such file or directory
configure:4008: $? = 1
configure: failed program was:
| /* confdefs.h.  */
| #define PACKAGE_NAME "libtheora"
| #define PACKAGE_TARNAME "libtheora"
| #define PACKAGE_VERSION "1.1.1"
| #define PACKAGE_STRING "libtheora 1.1.1"
| #define PACKAGE_BUGREPORT ""
| #define PACKAGE "libtheora"
| #define VERSION "1.1.1"
| /* end confdefs.h.  */
| #include <ac_nonexistent.h>
configure:4050: checking whether gcc and cc understand -c and -o together
configure:4085: gcc -c conftest.c -o conftest2.o >&5
configure:4089: $? = 0
configure:4095: gcc -c conftest.c -o conftest2.o >&5
configure:4099: $? = 0
configure:4110: cc -c conftest.c >&5
configure:4114: $? = 0
configure:4122: cc -c conftest.c -o conftest2.o >&5
configure:4126: $? = 0
configure:4132: cc -c conftest.c -o conftest2.o >&5
configure:4136: $? = 0
configure:4154: result: yes
configure:4507: checking for a sed that does not truncate output
configure:4573: result: /usr/bin/sed
configure:4591: checking for grep that handles long lines and -e
configure:4651: result: /usr/bin/grep
configure:4656: checking for egrep
configure:4720: result: /usr/bin/grep -E
configure:4725: checking for fgrep
configure:4789: result: /usr/bin/grep -F
configure:4824: checking for ld used by gcc
configure:4891: result: /Applications/Xcode.app/Contents/Developer/usr/llvm-gcc-4.2/libexec/gcc/i686-apple-darwin11/4.2.1/ld
configure:4900: checking if the linker (/Applications/Xcode.app/Contents/Developer/usr/llvm-gcc-4.2/libexec/gcc/i686-apple-darwin11/4.2.1/ld) is GNU ld
configure:4915: result: no
configure:4927: checking for BSD- or MS-compatible name lister (nm)
configure:4976: result: /Applications/Xcode.app/Contents/Developer/Toolchains/XcodeDefault.xctoolchain/usr/bin/nm
configure:5094: checking the name lister (/Applications/Xcode.app/Contents/Developer/Toolchains/XcodeDefault.xctoolchain/usr/bin/nm) interface
configure:5101: gcc -c   conftest.c >&5
configure:5104: /Applications/Xcode.app/Contents/Developer/Toolchains/XcodeDefault.xctoolchain/usr/bin/nm "conftest.o"
configure:5107: output
0000000000000000 S _some_variable
configure:5114: result: BSD nm
configure:5117: checking whether ln -s works
configure:5121: result: yes
configure:5129: checking the maximum length of command line arguments
configure:5249: result: 196608
configure:5266: checking whether the shell understands some XSI constructs
configure:5276: result: yes
configure:5280: checking whether the shell understands "+="
configure:5286: result: yes
configure:5321: checking for /Applications/Xcode.app/Contents/Developer/usr/llvm-gcc-4.2/libexec/gcc/i686-apple-darwin11/4.2.1/ld option to reload object files
configure:5328: result: -r
configure:5397: checking for objdump
configure:5424: result: objdump
configure:5453: checking how to recognize dependent libraries
configure:5649: result: unknown
configure:5709: checking for ar
configure:5725: found /Applications/Xcode.app/Contents/Developer/Toolchains/XcodeDefault.xctoolchain/usr/bin/ar
configure:5736: result: ar
configure:5814: checking for strip
configure:5830: found /Applications/Xcode.app/Contents/Developer/Toolchains/XcodeDefault.xctoolchain/usr/bin/strip
configure:5841: result: strip
configure:5913: checking for ranlib
configure:5929: found /Applications/Xcode.app/Contents/Developer/Toolchains/XcodeDefault.xctoolchain/usr/bin/ranlib
configure:5940: result: ranlib
configure:6030: checking command to parse /Applications/Xcode.app/Contents/Developer/Toolchains/XcodeDefault.xctoolchain/usr/bin/nm output from gcc object
configure:6148: gcc -c   conftest.c >&5
configure:6151: $? = 0
configure:6155: /Applications/Xcode.app/Contents/Developer/Toolchains/XcodeDefault.xctoolchain/usr/bin/nm conftest.o \| sed -n -e 's/^.*[	 ]\([BCDEGRST][BCDEGRST]*\)[	 ][	 ]*\([_A-Za-z][_A-Za-z0-9]*\)$/\1 \2 \2/p' \> conftest.nm
configure:6158: $? = 0
cannot find nm_test_var in conftest.nm
configure:6148: gcc -c   conftest.c >&5
configure:6151: $? = 0
configure:6155: /Applications/Xcode.app/Contents/Developer/Toolchains/XcodeDefault.xctoolchain/usr/bin/nm conftest.o \| sed -n -e 's/^.*[	 ]\([BCDEGRST][BCDEGRST]*\)[	 ][	 ]*_\([_A-Za-z][_A-Za-z0-9]*\)$/\1 _\2 \2/p' \> conftest.nm
configure:6158: $? = 0
configure:6212: gcc -o conftest    conftest.c conftstm.o >&5
configure:6215: $? = 0
configure:6253: result: ok
configure:7116: checking for ANSI C header files
configure:7146: gcc -c   conftest.c >&5
configure:7153: $? = 0
configure:7252: gcc -o conftest    conftest.c  >&5
configure:7256: $? = 0
configure:7262: ./conftest
configure:7266: $? = 0
configure:7284: result: yes
configure:7308: checking for sys/types.h
configure:7329: gcc -c   conftest.c >&5
configure:7336: $? = 0
configure:7353: result: yes
configure:7308: checking for sys/stat.h
configure:7329: gcc -c   conftest.c >&5
configure:7336: $? = 0
configure:7353: result: yes
configure:7308: checking for stdlib.h
configure:7329: gcc -c   conftest.c >&5
configure:7336: $? = 0
configure:7353: result: yes
configure:7308: checking for string.h
configure:7329: gcc -c   conftest.c >&5
configure:7336: $? = 0
configure:7353: result: yes
configure:7308: checking for memory.h
configure:7329: gcc -c   conftest.c >&5
configure:7336: $? = 0
configure:7353: result: yes
configure:7308: checking for strings.h
configure:7329: gcc -c   conftest.c >&5
configure:7336: $? = 0
configure:7353: result: yes
configure:7308: checking for inttypes.h
configure:7329: gcc -c   conftest.c >&5
configure:7336: $? = 0
configure:7353: result: yes
configure:7308: checking for stdint.h
configure:7329: gcc -c   conftest.c >&5
configure:7336: $? = 0
configure:7353: result: yes
configure:7308: checking for unistd.h
configure:7329: gcc -c   conftest.c >&5
configure:7336: $? = 0
configure:7353: result: yes
configure:7371: checking for dlfcn.h
configure:7392: gcc -c   conftest.c >&5
configure:7399: $? = 0
configure:7416: result: yes
configure:7600: checking for objdir
configure:7615: result: .libs
configure:7907: checking if gcc supports -fno-rtti -fno-exceptions
configure:7925: gcc -c   -fno-rtti -fno-exceptions conftest.c >&5
cc1: warning: command line option "-fno-rtti" is valid for C++/ObjC++ but not for C
configure:7929: $? = 0
configure:7942: result: no
configure:7962: checking for gcc option to produce PIC
configure:8234: result: -fPIC -DPIC
configure:8246: checking if gcc PIC flag -fPIC -DPIC works
configure:8264: gcc -c   -fPIC -DPIC -DPIC conftest.c >&5
configure:8268: $? = 0
configure:8281: result: yes
configure:8305: checking if gcc static flag -static works
configure:8333: result: no
configure:8348: checking if gcc supports -c -o file.o
configure:8369: gcc -c   -o out/conftest2.o conftest.c >&5
configure:8373: $? = 0
configure:8395: result: yes
configure:8403: checking if gcc supports -c -o file.o
configure:8450: result: yes
configure:8483: checking whether the gcc linker (/Applications/Xcode.app/Contents/Developer/usr/llvm-gcc-4.2/libexec/gcc/i686-apple-darwin11/4.2.1/ld) supports shared libraries
configure:9557: result: no
configure:9796: checking dynamic linker characteristics
configure:10482: result: no
configure:10584: checking how to hardcode library paths into programs
configure:10609: result: unsupported
configure:11442: checking whether stripping libraries is possible
configure:11464: result: no
configure:11482: checking if libtool supports shared libraries
configure:11484: result: no
configure:11487: checking whether to build shared libraries
configure:11508: result: no
configure:11511: checking whether to build static libraries
configure:11515: result: yes
configure:11556: checking for doxygen
configure:11584: result: false
configure:11603: WARNING: *** doxygen not found, API documentation will not be built
configure:11625: checking for pdflatex
configure:11655: result: no
configure:11662: checking for bibtex
configure:11692: result: no
configure:11699: checking for fig2dev
configure:11729: result: no
configure:11782: WARNING: *** Format Specification will not built.
configure:11949: checking for ld used by gcc
configure:12016: result: /Applications/Xcode.app/Contents/Developer/usr/llvm-gcc-4.2/libexec/gcc/i686-apple-darwin11/4.2.1/ld
configure:12025: checking if the linker (/Applications/Xcode.app/Contents/Developer/usr/llvm-gcc-4.2/libexec/gcc/i686-apple-darwin11/4.2.1/ld) is GNU ld
configure:12040: result: no
configure:12050: checking how to control symbol export
configure:12091: result: no
configure:12110: checking for pkg-config
configure:12126: found /usr/bin/pkg-config
configure:12137: result: yes
configure:12196: checking for pkg-config
configure:12214: found /usr/bin/pkg-config
configure:12226: result: /usr/bin/pkg-config
configure:12251: checking pkg-config is at least version 0.9.0
configure:12254: result: yes
configure:12265: checking for OGG
configure:12273: $PKG_CONFIG --exists --print-errors "ogg >= 1.1"
Package ogg was not found in the pkg-config search path.
Perhaps you should add the directory containing `ogg.pc'
to the PKG_CONFIG_PATH environment variable
No package 'ogg' found
configure:12276: $? = 1
configure:12291: $PKG_CONFIG --exists --print-errors "ogg >= 1.1"
Package ogg was not found in the pkg-config search path.
Perhaps you should add the directory containing `ogg.pc'
to the PKG_CONFIG_PATH environment variable
No package 'ogg' found
configure:12294: $? = 1
No package 'ogg' found
configure:12322: result: no
configure:12393: checking for Ogg
configure:12438: gcc -o conftest -Wall -Wno-parentheses -O3 -fforce-addr -fomit-frame-pointer -finline-functions -funroll-loops  -I/Users/alex/Desktop/AutoConvert/VideoConverter/libogg-1.3.0/lib   conftest.c  -L/Users/alex/Desktop/AutoConvert/VideoConverter/libogg-1.3.0/lib -logg >&5
configure:12442: $? = 0
configure:12448: ./conftest
configure:12452: $? = 0
configure:12487: result: yes
configure:12584: checking for oggpackB_read
configure:12640: gcc -o conftest -Wall -Wno-parentheses -O3 -fforce-addr -fomit-frame-pointer -finline-functions -funroll-loops  -I/Users/alex/Desktop/AutoConvert/VideoConverter/libogg-1.3.0/lib   conftest.c  -L/Users/alex/Desktop/AutoConvert/VideoConverter/libogg-1.3.0/lib -logg >&5
configure:12647: $? = 0
configure:12667: result: yes
configure:12691: checking for VORBIS
configure:12699: $PKG_CONFIG --exists --print-errors "vorbis >= 1.0.1"
Package vorbis was not found in the pkg-config search path.
Perhaps you should add the directory containing `vorbis.pc'
to the PKG_CONFIG_PATH environment variable
No package 'vorbis' found
configure:12702: $? = 1
configure:12717: $PKG_CONFIG --exists --print-errors "vorbis >= 1.0.1"
Package vorbis was not found in the pkg-config search path.
Perhaps you should add the directory containing `vorbis.pc'
to the PKG_CONFIG_PATH environment variable
No package 'vorbis' found
configure:12720: $? = 1
No package 'vorbis' found
configure:12748: result: no
configure:12818: checking for Vorbis
configure:12870: gcc -o conftest -Wall -Wno-parentheses -O3 -fforce-addr -fomit-frame-pointer -finline-functions -funroll-loops  -I/Users/alex/Desktop/AutoConvert/VideoConverter/vorbis/include -I/Users/alex/Desktop/AutoConvert/VideoConverter/libogg-1.3.0/lib   conftest.c  -L/Users/alex/Desktop/AutoConvert/VideoConverter/vorbis/libs -lvorbis -lm -lvorbisenc -L/Users/alex/Desktop/AutoConvert/VideoConverter/libogg-1.3.0/lib -logg >&5
configure:12874: $? = 0
configure:12880: ./conftest
configure:12884: $? = 0
configure:12905: result: yes
configure:13037: checking for sdl-config
configure:13068: result: no
configure:13077: checking for SDL - version >= 0.11.0
configure:13217: result: no
configure:13305: WARNING: *** Unable to find SDL -- Not compiling example players ***
configure:13332: checking sys/soundcard.h usability
configure:13349: gcc -c -Wall -Wno-parentheses -O3 -fforce-addr -fomit-frame-pointer -finline-functions -funroll-loops   conftest.c >&5
conftest.c:57:27: error: sys/soundcard.h: No such file or directory
configure:13356: $? = 1
configure: failed program was:
| /* confdefs.h.  */
| #define PACKAGE_NAME "libtheora"
| #define PACKAGE_TARNAME "libtheora"
| #define PACKAGE_VERSION "1.1.1"
| #define PACKAGE_STRING "libtheora 1.1.1"
| #define PACKAGE_BUGREPORT ""
| #define PACKAGE "libtheora"
| #define VERSION "1.1.1"
| #define STDC_HEADERS 1
| #define HAVE_SYS_TYPES_H 1
| #define HAVE_SYS_STAT_H 1
| #define HAVE_STDLIB_H 1
| #define HAVE_STRING_H 1
| #define HAVE_MEMORY_H 1
| #define HAVE_STRINGS_H 1
| #define HAVE_INTTYPES_H 1
| #define HAVE_STDINT_H 1
| #define HAVE_UNISTD_H 1
| #define HAVE_DLFCN_H 1
| #define LT_OBJDIR ".libs/"
| #define OC_X86_ASM /**/
| #define OC_X86_64_ASM /**/
| /* end confdefs.h.  */
| #include <stdio.h>
| #ifdef HAVE_SYS_TYPES_H
| # include <sys/types.h>
| #endif
| #ifdef HAVE_SYS_STAT_H
| # include <sys/stat.h>
| #endif
| #ifdef STDC_HEADERS
| # include <stdlib.h>
| # include <stddef.h>
| #else
| # ifdef HAVE_STDLIB_H
| #  include <stdlib.h>
| # endif
| #endif
| #ifdef HAVE_STRING_H
| # if !defined STDC_HEADERS && defined HAVE_MEMORY_H
| #  include <memory.h>
| # endif
| # include <string.h>
| #endif
| #ifdef HAVE_STRINGS_H
| # include <strings.h>
| #endif
| #ifdef HAVE_INTTYPES_H
| # include <inttypes.h>
| #endif
| #ifdef HAVE_STDINT_H
| # include <stdint.h>
| #endif
| #ifdef HAVE_UNISTD_H
| # include <unistd.h>
| #endif
| #include <sys/soundcard.h>
configure:13370: result: no
configure:13374: checking sys/soundcard.h presence
configure:13389: gcc -E  conftest.c
conftest.c:24:27: error: sys/soundcard.h: No such file or directory
configure:13396: $? = 1
configure: failed program was:
| /* confdefs.h.  */
| #define PACKAGE_NAME "libtheora"
| #define PACKAGE_TARNAME "libtheora"
| #define PACKAGE_VERSION "1.1.1"
| #define PACKAGE_STRING "libtheora 1.1.1"
| #define PACKAGE_BUGREPORT ""
| #define PACKAGE "libtheora"
| #define VERSION "1.1.1"
| #define STDC_HEADERS 1
| #define HAVE_SYS_TYPES_H 1
| #define HAVE_SYS_STAT_H 1
| #define HAVE_STDLIB_H 1
| #define HAVE_STRING_H 1
| #define HAVE_MEMORY_H 1
| #define HAVE_STRINGS_H 1
| #define HAVE_INTTYPES_H 1
| #define HAVE_STDINT_H 1
| #define HAVE_UNISTD_H 1
| #define HAVE_DLFCN_H 1
| #define LT_OBJDIR ".libs/"
| #define OC_X86_ASM /**/
| #define OC_X86_64_ASM /**/
| /* end confdefs.h.  */
| #include <sys/soundcard.h>
configure:13410: result: no
configure:13438: checking for sys/soundcard.h
configure:13447: result: no
configure:13332: checking soundcard.h usability
configure:13349: gcc -c -Wall -Wno-parentheses -O3 -fforce-addr -fomit-frame-pointer -finline-functions -funroll-loops   conftest.c >&5
conftest.c:57:23: error: soundcard.h: No such file or directory
configure:13356: $? = 1
configure: failed program was:
| /* confdefs.h.  */
| #define PACKAGE_NAME "libtheora"
| #define PACKAGE_TARNAME "libtheora"
| #define PACKAGE_VERSION "1.1.1"
| #define PACKAGE_STRING "libtheora 1.1.1"
| #define PACKAGE_BUGREPORT ""
| #define PACKAGE "libtheora"
| #define VERSION "1.1.1"
| #define STDC_HEADERS 1
| #define HAVE_SYS_TYPES_H 1
| #define HAVE_SYS_STAT_H 1
| #define HAVE_STDLIB_H 1
| #define HAVE_STRING_H 1
| #define HAVE_MEMORY_H 1
| #define HAVE_STRINGS_H 1
| #define HAVE_INTTYPES_H 1
| #define HAVE_STDINT_H 1
| #define HAVE_UNISTD_H 1
| #define HAVE_DLFCN_H 1
| #define LT_OBJDIR ".libs/"
| #define OC_X86_ASM /**/
| #define OC_X86_64_ASM /**/
| /* end confdefs.h.  */
| #include <stdio.h>
| #ifdef HAVE_SYS_TYPES_H
| # include <sys/types.h>
| #endif
| #ifdef HAVE_SYS_STAT_H
| # include <sys/stat.h>
| #endif
| #ifdef STDC_HEADERS
| # include <stdlib.h>
| # include <stddef.h>
| #else
| # ifdef HAVE_STDLIB_H
| #  include <stdlib.h>
| # endif
| #endif
| #ifdef HAVE_STRING_H
| # if !defined STDC_HEADERS && defined HAVE_MEMORY_H
| #  include <memory.h>
| # endif
| # include <string.h>
| #endif
| #ifdef HAVE_STRINGS_H
| # include <strings.h>
| #endif
| #ifdef HAVE_INTTYPES_H
| # include <inttypes.h>
| #endif
| #ifdef HAVE_STDINT_H
| # include <stdint.h>
| #endif
| #ifdef HAVE_UNISTD_H
| # include <unistd.h>
| #endif
| #include <soundcard.h>
configure:13370: result: no
configure:13374: checking soundcard.h presence
configure:13389: gcc -E  conftest.c
conftest.c:24:23: error: soundcard.h: No such file or directory
configure:13396: $? = 1
configure: failed program was:
| /* confdefs.h.  */
| #define PACKAGE_NAME "libtheora"
| #define PACKAGE_TARNAME "libtheora"
| #define PACKAGE_VERSION "1.1.1"
| #define PACKAGE_STRING "libtheora 1.1.1"
| #define PACKAGE_BUGREPORT ""
| #define PACKAGE "libtheora"
| #define VERSION "1.1.1"
| #define STDC_HEADERS 1
| #define HAVE_SYS_TYPES_H 1
| #define HAVE_SYS_STAT_H 1
| #define HAVE_STDLIB_H 1
| #define HAVE_STRING_H 1
| #define HAVE_MEMORY_H 1
| #define HAVE_STRINGS_H 1
| #define HAVE_INTTYPES_H 1
| #define HAVE_STDINT_H 1
| #define HAVE_UNISTD_H 1
| #define HAVE_DLFCN_H 1
| #define LT_OBJDIR ".libs/"
| #define OC_X86_ASM /**/
| #define OC_X86_64_ASM /**/
| /* end confdefs.h.  */
| #include <soundcard.h>
configure:13410: result: no
configure:13438: checking for soundcard.h
configure:13447: result: no
configure:13332: checking machine/soundcard.h usability
configure:13349: gcc -c -Wall -Wno-parentheses -O3 -fforce-addr -fomit-frame-pointer -finline-functions -funroll-loops   conftest.c >&5
conftest.c:57:31: error: machine/soundcard.h: No such file or directory
configure:13356: $? = 1
configure: failed program was:
| /* confdefs.h.  */
| #define PACKAGE_NAME "libtheora"
| #define PACKAGE_TARNAME "libtheora"
| #define PACKAGE_VERSION "1.1.1"
| #define PACKAGE_STRING "libtheora 1.1.1"
| #define PACKAGE_BUGREPORT ""
| #define PACKAGE "libtheora"
| #define VERSION "1.1.1"
| #define STDC_HEADERS 1
| #define HAVE_SYS_TYPES_H 1
| #define HAVE_SYS_STAT_H 1
| #define HAVE_STDLIB_H 1
| #define HAVE_STRING_H 1
| #define HAVE_MEMORY_H 1
| #define HAVE_STRINGS_H 1
| #define HAVE_INTTYPES_H 1
| #define HAVE_STDINT_H 1
| #define HAVE_UNISTD_H 1
| #define HAVE_DLFCN_H 1
| #define LT_OBJDIR ".libs/"
| #define OC_X86_ASM /**/
| #define OC_X86_64_ASM /**/
| /* end confdefs.h.  */
| #include <stdio.h>
| #ifdef HAVE_SYS_TYPES_H
| # include <sys/types.h>
| #endif
| #ifdef HAVE_SYS_STAT_H
| # include <sys/stat.h>
| #endif
| #ifdef STDC_HEADERS
| # include <stdlib.h>
| # include <stddef.h>
| #else
| # ifdef HAVE_STDLIB_H
| #  include <stdlib.h>
| # endif
| #endif
| #ifdef HAVE_STRING_H
| # if !defined STDC_HEADERS && defined HAVE_MEMORY_H
| #  include <memory.h>
| # endif
| # include <string.h>
| #endif
| #ifdef HAVE_STRINGS_H
| # include <strings.h>
| #endif
| #ifdef HAVE_INTTYPES_H
| # include <inttypes.h>
| #endif
| #ifdef HAVE_STDINT_H
| # include <stdint.h>
| #endif
| #ifdef HAVE_UNISTD_H
| # include <unistd.h>
| #endif
| #include <machine/soundcard.h>
configure:13370: result: no
configure:13374: checking machine/soundcard.h presence
configure:13389: gcc -E  conftest.c
conftest.c:24:31: error: machine/soundcard.h: No such file or directory
configure:13396: $? = 1
configure: failed program was:
| /* confdefs.h.  */
| #define PACKAGE_NAME "libtheora"
| #define PACKAGE_TARNAME "libtheora"
| #define PACKAGE_VERSION "1.1.1"
| #define PACKAGE_STRING "libtheora 1.1.1"
| #define PACKAGE_BUGREPORT ""
| #define PACKAGE "libtheora"
| #define VERSION "1.1.1"
| #define STDC_HEADERS 1
| #define HAVE_SYS_TYPES_H 1
| #define HAVE_SYS_STAT_H 1
| #define HAVE_STDLIB_H 1
| #define HAVE_STRING_H 1
| #define HAVE_MEMORY_H 1
| #define HAVE_STRINGS_H 1
| #define HAVE_INTTYPES_H 1
| #define HAVE_STDINT_H 1
| #define HAVE_UNISTD_H 1
| #define HAVE_DLFCN_H 1
| #define LT_OBJDIR ".libs/"
| #define OC_X86_ASM /**/
| #define OC_X86_64_ASM /**/
| /* end confdefs.h.  */
| #include <machine/soundcard.h>
configure:13410: result: no
configure:13438: checking for machine/soundcard.h
configure:13447: result: no
configure:13466: WARNING: OSS audio support not found -- not compiling player_example
configure:13483: checking for PNG
configure:13491: $PKG_CONFIG --exists --print-errors "libpng"
configure:13494: $? = 0
configure:13509: $PKG_CONFIG --exists --print-errors "libpng"
configure:13512: $? = 0
configure:13548: result: yes
configure:13742: checking for library containing ftime
configure:13783: gcc -o conftest -Wall -Wno-parentheses -O3 -fforce-addr -fomit-frame-pointer -finline-functions -funroll-loops    conftest.c  >&5
configure:13790: $? = 0
configure:13821: result: none required
configure:13830: checking for getopt_long
configure:13886: gcc -o conftest -Wall -Wno-parentheses -O3 -fforce-addr -fomit-frame-pointer -finline-functions -funroll-loops    conftest.c  >&5
configure:13893: $? = 0
configure:13913: result: yes
configure:14102: creating ./config.status

## ---------------------- ##
## Running config.status. ##
## ---------------------- ##

This file was extended by libtheora config.status 1.1.1, which was
generated by GNU Autoconf 2.63.  Invocation command line was

  CONFIG_FILES    = 
  CONFIG_HEADERS  = 
  CONFIG_LINKS    = 
  CONFIG_COMMANDS = 
  $ ./config.status 

on alex-nichols-macbook-pro-2.local

config.status:1054: creating Makefile
config.status:1201: WARNING:  'Makefile.in' seems to ignore the --datarootdir setting
config.status:1054: creating lib/Makefile
config.status:1201: WARNING:  'lib/Makefile.in' seems to ignore the --datarootdir setting
config.status:1054: creating include/Makefile
config.status:1201: WARNING:  'include/Makefile.in' seems to ignore the --datarootdir setting
config.status:1054: creating include/theora/Makefile
config.status:1201: WARNING:  'include/theora/Makefile.in' seems to ignore the --datarootdir setting
config.status:1054: creating examples/Makefile
config.status:1201: WARNING:  'examples/Makefile.in' seems to ignore the --datarootdir setting
config.status:1054: creating doc/Makefile
config.status:1201: WARNING:  'doc/Makefile.in' seems to ignore the --datarootdir setting
config.status:1054: creating doc/Doxyfile
config.status:1054: creating doc/spec/Makefile
config.status:1201: WARNING:  'doc/spec/Makefile.in' seems to ignore the --datarootdir setting
config.status:1054: creating tests/Makefile
config.status:1201: WARNING:  'tests/Makefile.in' seems to ignore the --datarootdir setting
config.status:1054: creating m4/Makefile
config.status:1201: WARNING:  'm4/Makefile.in' seems to ignore the --datarootdir setting
config.status:1054: creating libtheora.spec
config.status:1054: creating theora.pc
config.status:1054: creating theora-uninstalled.pc
config.status:1054: creating theoradec.pc
config.status:1054: creating theoradec-uninstalled.pc
config.status:1054: creating theoraenc.pc
config.status:1054: creating theoraenc-uninstalled.pc
config.status:1054: creating config.h
config.status:1270: config.h is unchanged
config.status:1288: executing depfiles commands
config.status:1288: executing libtool commands
configure:16463: result:
------------------------------------------------------------------------
  libtheora 1.1.1:  Automatic configuration OK.

  General configuration:

    Encoding support: ........... yes
    Floating point support: ..... yes
    Assembly optimization: ...... 64 bit x86
    Debugging telemetry: ........ no
    Build example code: ......... yes
    API Documentation: .......... no
    Format Documentation: ....... no

  Installation paths:

    libtheora: ................... /Users/alex/Desktop/AutoConvert/VideoConverter/libtheora-1.1.1/output
    C header files: .............. /Users/alex/Desktop/AutoConvert/VideoConverter/libtheora-1.1.1/output/theora
    Documentation: ............... /usr/local/share/doc/libtheora

  Building:

    Type 'make' to compile libtheora.

    Type 'make install' to install libtheora.

    Type 'make check' to run test suite (Valgrind testing not enabled)

  Example programs will be built but not installed.
------------------------------------------------------------------------


## ---------------- ##
## Cache variables. ##
## ---------------- ##

ac_cv_build=x86_64-pc-none
ac_cv_c_compiler_gnu=yes
ac_cv_env_CAIRO_CFLAGS_set=
ac_cv_env_CAIRO_CFLAGS_value=
ac_cv_env_CAIRO_LIBS_set=
ac_cv_env_CAIRO_LIBS_value=
ac_cv_env_CC_set=
ac_cv_env_CC_value=
ac_cv_env_CFLAGS_set=
ac_cv_env_CFLAGS_value=
ac_cv_env_CPPFLAGS_set=
ac_cv_env_CPPFLAGS_value=
ac_cv_env_CPP_set=
ac_cv_env_CPP_value=
ac_cv_env_LDFLAGS_set=
ac_cv_env_LDFLAGS_value=
ac_cv_env_LIBS_set=
ac_cv_env_LIBS_value=
ac_cv_env_OGG_CFLAGS_set=
ac_cv_env_OGG_CFLAGS_value=
ac_cv_env_OGG_LIBS_set=
ac_cv_env_OGG_LIBS_value=
ac_cv_env_PKG_CONFIG_set=
ac_cv_env_PKG_CONFIG_value=
ac_cv_env_PNG_CFLAGS_set=
ac_cv_env_PNG_CFLAGS_value=
ac_cv_env_PNG_LIBS_set=
ac_cv_env_PNG_LIBS_value=
ac_cv_env_VORBIS_CFLAGS_set=
ac_cv_env_VORBIS_CFLAGS_value=
ac_cv_env_VORBIS_LIBS_set=
ac_cv_env_VORBIS_LIBS_value=
ac_cv_env_build_alias_set=set
ac_cv_env_build_alias_value=x86_64
ac_cv_env_host_alias_set=
ac_cv_env_host_alias_value=
ac_cv_env_target_alias_set=
ac_cv_env_target_alias_value=
ac_cv_func_getopt_long=yes
ac_cv_func_oggpackB_read=yes
ac_cv_header_dlfcn_h=yes
ac_cv_header_inttypes_h=yes
ac_cv_header_machine_soundcard_h=no
ac_cv_header_memory_h=yes
ac_cv_header_soundcard_h=no
ac_cv_header_stdc=yes
ac_cv_header_stdint_h=yes
ac_cv_header_stdlib_h=yes
ac_cv_header_string_h=yes
ac_cv_header_strings_h=yes
ac_cv_header_sys_soundcard_h=no
ac_cv_header_sys_stat_h=yes
ac_cv_header_sys_types_h=yes
ac_cv_header_unistd_h=yes
ac_cv_host=x86_64-pc-none
ac_cv_objext=o
ac_cv_path_EGREP='/usr/bin/grep -E'
ac_cv_path_FGREP='/usr/bin/grep -F'
ac_cv_path_GREP=/usr/bin/grep
ac_cv_path_SDL_CONFIG=no
ac_cv_path_SED=/usr/bin/sed
ac_cv_path_ac_pt_PKG_CONFIG=/usr/bin/pkg-config
ac_cv_path_install='/usr/bin/install -c'
ac_cv_prog_AWK=awk
ac_cv_prog_CPP='gcc -E'
ac_cv_prog_HAVE_DOXYGEN=false
ac_cv_prog_HAVE_PKG_CONFIG=yes
ac_cv_prog_ac_ct_AR=ar
ac_cv_prog_ac_ct_CC=gcc
ac_cv_prog_ac_ct_OBJDUMP=objdump
ac_cv_prog_ac_ct_RANLIB=ranlib
ac_cv_prog_ac_ct_STRIP=strip
ac_cv_prog_cc_c89=
ac_cv_prog_cc_g=yes
ac_cv_prog_cc_gcc_c_o=yes
ac_cv_prog_make_make_set=yes
ac_cv_search_ftime='none required'
ac_cv_target=x86_64-pc-none
am_cv_CC_dependencies_compiler_type=gcc3
lt_cv_deplibs_check_method=unknown
lt_cv_file_magic_cmd='$MAGIC_CMD'
lt_cv_file_magic_test_file=
lt_cv_ld_reload_flag=-r
lt_cv_nm_interface='BSD nm'
lt_cv_objdir=.libs
lt_cv_path_LD=/Applications/Xcode.app/Contents/Developer/usr/llvm-gcc-4.2/libexec/gcc/i686-apple-darwin11/4.2.1/ld
lt_cv_path_NM=/Applications/Xcode.app/Contents/Developer/Toolchains/XcodeDefault.xctoolchain/usr/bin/nm
lt_cv_prog_compiler_c_o=yes
lt_cv_prog_compiler_pic_works=yes
lt_cv_prog_compiler_rtti_exceptions=no
lt_cv_prog_compiler_static_works=no
lt_cv_prog_gnu_ld=no
lt_cv_sys_global_symbol_pipe='sed -n -e '\''s/^.*[	 ]\([BCDEGRST][BCDEGRST]*\)[	 ][	 ]*_\([_A-Za-z][_A-Za-z0-9]*\)$/\1 _\2 \2/p'\'''
lt_cv_sys_global_symbol_to_c_name_address='sed -n -e '\''s/^: \([^ ]*\) $/  {\"\1\", (void *) 0},/p'\'' -e '\''s/^[BCDEGRST]* \([^ ]*\) \([^ ]*\)$/  {"\2", (void *) \&\2},/p'\'''
lt_cv_sys_global_symbol_to_c_name_address_lib_prefix='sed -n -e '\''s/^: \([^ ]*\) $/  {\"\1\", (void *) 0},/p'\'' -e '\''s/^[BCDEGRST]* \([^ ]*\) \(lib[^ ]*\)$/  {"\2", (void *) \&\2},/p'\'' -e '\''s/^[BCDEGRST]* \([^ ]*\) \([^ ]*\)$/  {"lib\2", (void *) \&\2},/p'\'''
lt_cv_sys_global_symbol_to_cdecl='sed -n -e '\''s/^T .* \(.*\)$/extern int \1();/p'\'' -e '\''s/^[BCDEGRST]* .* \(.*\)$/extern char \1;/p'\'''
lt_cv_sys_max_cmd_len=196608
pkg_cv_PNG_CFLAGS='-I/Library/Frameworks/Mono.framework/Versions/1.9.1/include/libpng12  '
pkg_cv_PNG_LIBS='-L/Library/Frameworks/Mono.framework/Versions/1.9.1/lib -lpng12  '

## ----------------- ##
## Output variables. ##
## ----------------- ##

ACLOCAL='${SHELL} /Users/alex/Desktop/AutoConvert/VideoConverter/libtheora-1.1.1/missing --run aclocal-1.6'
ACLOCAL_AMFLAGS='-I m4'
AMDEPBACKSLASH='\'
AMDEP_FALSE='#'
AMDEP_TRUE=''
AMTAR='${SHELL} /Users/alex/Desktop/AutoConvert/VideoConverter/libtheora-1.1.1/missing --run tar'
AR='ar'
AS='as'
AUTOCONF='${SHELL} /Users/alex/Desktop/AutoConvert/VideoConverter/libtheora-1.1.1/missing --run autoconf'
AUTOHEADER='${SHELL} /Users/alex/Desktop/AutoConvert/VideoConverter/libtheora-1.1.1/missing --run autoheader'
AUTOMAKE='${SHELL} /Users/alex/Desktop/AutoConvert/VideoConverter/libtheora-1.1.1/missing --run automake-1.6'
AWK='awk'
BINDIR='/usr/local/bin'
BUILDABLE_EXAMPLES=' encoder_example$(EXEEXT) png2theora$(EXEEXT)'
BUILD_SPEC_FALSE=''
BUILD_SPEC_TRUE='#'
CAIRO_CFLAGS=''
CAIRO_LIBS=''
CC='gcc'
CCDEPMODE='depmode=gcc3'
CFLAGS='-Wall -Wno-parentheses -O3 -fforce-addr -fomit-frame-pointer -finline-functions -funroll-loops '
CPP='gcc -E'
CPPFLAGS=''
CPU_x86_32_FALSE=''
CPU_x86_32_TRUE='#'
CPU_x86_64_FALSE='#'
CPU_x86_64_TRUE=''
DEBUG='-g -Wall -Wno-parentheses -DDEBUG -D__NO_MATH_INLINES'
DEFS='-DHAVE_CONFIG_H'
DEPDIR='.deps'
DLLTOOL='dlltool'
DOCDIR='/usr/local/share/doc'
DSYMUTIL=''
DUMPBIN=''
ECHO_C=''
ECHO_N='-n'
ECHO_T=''
EGREP='/usr/bin/grep -E'
EXEEXT=''
FGREP='/usr/bin/grep -F'
GETOPT_OBJS=''
GREP='/usr/bin/grep'
HAVE_BIBTEX=''
HAVE_DOXYGEN='false'
HAVE_DOXYGEN_FALSE=''
HAVE_DOXYGEN_TRUE='#'
HAVE_PDFLATEX=''
HAVE_PKG_CONFIG='yes'
HAVE_TRANSFIG=''
HAVE_VALGRIND=''
INCLUDEDIR='/Users/alex/Desktop/AutoConvert/VideoConverter/libtheora-1.1.1/output'
INSTALL_DATA='${INSTALL} -m 644'
INSTALL_PROGRAM='${INSTALL}'
INSTALL_SCRIPT='${INSTALL}'
INSTALL_STRIP_PROGRAM='${SHELL} $(install_sh) -c -s'
LD='/Applications/Xcode.app/Contents/Developer/usr/llvm-gcc-4.2/libexec/gcc/i686-apple-darwin11/4.2.1/ld'
LDFLAGS=''
LIBDIR='/Users/alex/Desktop/AutoConvert/VideoConverter/libtheora-1.1.1/output'
LIBOBJS=''
LIBS=''
LIBTOOL='$(SHELL) $(top_builddir)/libtool'
LIPO=''
LN_S='ln -s'
LTLIBOBJS=''
MAINT='#'
MAINTAINER_MODE_FALSE=''
MAINTAINER_MODE_TRUE='#'
MAKEINFO='${SHELL} /Users/alex/Desktop/AutoConvert/VideoConverter/libtheora-1.1.1/missing --run makeinfo'
NM='/Applications/Xcode.app/Contents/Developer/Toolchains/XcodeDefault.xctoolchain/usr/bin/nm'
NMEDIT=''
OBJDUMP='objdump'
OBJEXT='o'
OGG_CFLAGS='-I/Users/alex/Desktop/AutoConvert/VideoConverter/libogg-1.3.0/lib'
OGG_LIBS='-L/Users/alex/Desktop/AutoConvert/VideoConverter/libogg-1.3.0/lib -logg'
OSS_LIBS=''
OTOOL64=''
OTOOL=''
PACKAGE='libtheora'
PACKAGE_BUGREPORT=''
PACKAGE_NAME='libtheora'
PACKAGE_STRING='libtheora 1.1.1'
PACKAGE_TARNAME='libtheora'
PACKAGE_VERSION='1.1.1'
PATH_SEPARATOR=':'
PKG_CONFIG='/usr/bin/pkg-config'
PNG_CFLAGS='-I/Library/Frameworks/Mono.framework/Versions/1.9.1/include/libpng12  '
PNG_LIBS='-L/Library/Frameworks/Mono.framework/Versions/1.9.1/lib -lpng12  '
PROFILE='-Wall -Wno-parentheses -pg -g -O3 -fno-inline-functions -DDEBUG'
RANLIB='ranlib'
SDL_CFLAGS=''
SDL_CONFIG='no'
SDL_LIBS=''
SED='/usr/bin/sed'
SET_MAKE=''
SHELL='/bin/sh'
STRIP='strip'
THDEC_LIB_AGE='1'
THDEC_LIB_CURRENT='2'
THDEC_LIB_REVISION='4'
THENC_LIB_AGE='1'
THENC_LIB_CURRENT='2'
THENC_LIB_REVISION='2'
THEORADEC_LDFLAGS=' '
THEORAENC_LDFLAGS=' '
THEORA_DISABLE_ENCODE_FALSE=''
THEORA_DISABLE_ENCODE_TRUE='#'
THEORA_DISABLE_FLOAT_FALSE=''
THEORA_DISABLE_FLOAT_TRUE='#'
THEORA_ENABLE_EXAMPLES_FALSE='#'
THEORA_ENABLE_EXAMPLES_TRUE=''
THEORA_LDFLAGS=' '
TH_LIB_AGE='3'
TH_LIB_CURRENT='3'
TH_LIB_REVISION='10'
VALGRIND_ENVIRONMENT=''
VERSION='1.1.1'
VORBISENC_LIBS='-lvorbisenc'
VORBISFILE_LIBS='-lvorbisfile'
VORBIS_CFLAGS='-I/Users/alex/Desktop/AutoConvert/VideoConverter/vorbis/include'
VORBIS_LIBS='-L/Users/alex/Desktop/AutoConvert/VideoConverter/vorbis/libs -lvorbis -lm'
ac_ct_CC='gcc'
ac_ct_DUMPBIN=''
am__include='include'
am__quote=''
bindir='${exec_prefix}/bin'
build='x86_64-pc-none'
build_alias='x86_64'
build_cpu='x86_64'
build_os='none'
build_vendor='pc'
datadir='${datarootdir}'
datarootdir='${prefix}/share'
docdir='${datarootdir}/doc/${PACKAGE_TARNAME}'
dvidir='${docdir}'
exec_prefix='${prefix}'
host='x86_64-pc-none'
host_alias=''
host_cpu='x86_64'
host_os='none'
host_vendor='pc'
htmldir='${docdir}'
includedir='/Users/alex/Desktop/AutoConvert/VideoConverter/libtheora-1.1.1/output'
infodir='${datarootdir}/info'
install_sh='/Users/alex/Desktop/AutoConvert/VideoConverter/libtheora-1.1.1/install-sh'
libdir='/Users/alex/Desktop/AutoConvert/VideoConverter/libtheora-1.1.1/output'
libexecdir='${exec_prefix}/libexec'
localedir='${datarootdir}/locale'
localstatedir='${prefix}/var'
lt_ECHO='echo'
mandir='${datarootdir}/man'
oldincludedir='/usr/include'
pdfdir='${docdir}'
prefix='/usr/local'
program_transform_name='s,x,x,'
psdir='${docdir}'
sbindir='${exec_prefix}/sbin'
sharedstatedir='${prefix}/com'
sysconfdir='${prefix}/etc'
target='x86_64-pc-none'
target_alias=''
target_cpu='x86_64'
target_os='none'
target_vendor='pc'

## ----------- ##
## confdefs.h. ##
## ----------- ##

#define PACKAGE_NAME "libtheora"
#define PACKAGE_TARNAME "libtheora"
#define PACKAGE_VERSION "1.1.1"
#define PACKAGE_STRING "libtheora 1.1.1"
#define PACKAGE_BUGREPORT ""
#define PACKAGE "libtheora"
#define VERSION "1.1.1"
#define STDC_HEADERS 1
#define HAVE_SYS_TYPES_H 1
#define HAVE_SYS_STAT_H 1
#define HAVE_STDLIB_H 1
#define HAVE_STRING_H 1
#define HAVE_MEMORY_H 1
#define HAVE_STRINGS_H 1
#define HAVE_INTTYPES_H 1
#define HAVE_STDINT_H 1
#define HAVE_UNISTD_H 1
#define HAVE_DLFCN_H 1
#define LT_OBJDIR ".libs/"
#define OC_X86_ASM /**/
#define OC_X86_64_ASM /**/

configure: exit 0
